workspace: /home/richardhcli/data/Projects/CLAN_labs_onboarding_replicateBilevelPaper/exp/LunarLander-v3/H1024_L2_lr0.0001/teacher_b-1_g1_m0_s0_e0/init1000_unsup1000_inter5000_seg50_acttanh_Rlr0.0003_Rupdate200_en3_sample1_large_batch10_schedule_0_label_smooth_0.0/PEBBLE_maxfeed1400_Rbatch128_seed1
| train          | E: 10 | S: 1085 | R: 0.66 | TR: -352.17 | TF: 0 | LR: 0 | NR: 0 | D: 146.5 s | TD: 147.0 s | BR: 0.01 | ALOSS: -0.64 | CLOSS: 0.64 | TLOSS: 0.30 | TVAL: 0.10 | AENT: 1.06 | BCLOSS: 0.00
| train          | E: 11 | S: 1195 | R: 0.71 | TR: -99.30 | TF: 0 | LR: 0 | NR: 0 | D: 170.9 s | TD: 317.9 s | BR: 0.01 | ALOSS: -0.91 | CLOSS: 0.19 | TLOSS: 0.31 | TVAL: 0.10 | AENT: 1.19 | BCLOSS: 0.00
| train          | E: 12 | S: 1301 | R: 0.77 | TR: -268.61 | TF: 0 | LR: 0 | NR: 0 | D: 80.5 s | TD: 398.4 s | BR: 0.01 | ALOSS: -1.10 | CLOSS: 0.05 | TLOSS: 0.32 | TVAL: 0.10 | AENT: 1.28 | BCLOSS: 0.00
| train          | E: 13 | S: 1419 | R: 0.71 | TR: -262.03 | TF: 0 | LR: 0 | NR: 0 | D: 46.9 s | TD: 445.3 s | BR: 0.01 | ALOSS: -1.27 | CLOSS: 0.08 | TLOSS: 0.32 | TVAL: 0.10 | AENT: 1.27 | BCLOSS: 0.00
| train          | E: 14 | S: 1502 | R: 0.89 | TR: -165.64 | TF: 0 | LR: 0 | NR: 0 | D: 32.9 s | TD: 478.2 s | BR: 0.01 | ALOSS: -1.41 | CLOSS: 0.13 | TLOSS: 0.31 | TVAL: 0.10 | AENT: 1.23 | BCLOSS: 0.00
| train          | E: 15 | S: 1612 | R: 0.46 | TR: -320.12 | TF: 0 | LR: 0 | NR: 0 | D: 45.3 s | TD: 523.5 s | BR: 0.01 | ALOSS: -1.57 | CLOSS: 0.23 | TLOSS: 0.30 | TVAL: 0.09 | AENT: 1.20 | BCLOSS: 0.00
| train          | E: 16 | S: 1712 | R: 0.76 | TR: -120.23 | TF: 0 | LR: 0 | NR: 0 | D: 41.3 s | TD: 564.8 s | BR: 0.01 | ALOSS: -1.73 | CLOSS: 0.32 | TLOSS: 0.29 | TVAL: 0.09 | AENT: 1.12 | BCLOSS: 0.00
| train          | E: 17 | S: 1787 | R: 0.50 | TR: -521.06 | TF: 0 | LR: 0 | NR: 0 | D: 31.4 s | TD: 596.2 s | BR: 0.01 | ALOSS: -1.92 | CLOSS: 0.37 | TLOSS: 0.29 | TVAL: 0.09 | AENT: 1.08 | BCLOSS: 0.00
| train          | E: 18 | S: 1927 | R: 0.61 | TR: -121.90 | TF: 0 | LR: 0 | NR: 0 | D: 59.7 s | TD: 655.9 s | BR: 0.01 | ALOSS: -2.09 | CLOSS: 0.43 | TLOSS: 0.28 | TVAL: 0.09 | AENT: 1.04 | BCLOSS: 0.00
Reward function is updated!! ACC: 0.9713541666666666
| train          | E: 19 | S: 2016 | R: 1.17 | TR: -103.61 | TF: 0 | LR: 0 | NR: 0 | D: 97.7 s | TD: 753.6 s | BR: 0.01 | ALOSS: -1.92 | CLOSS: 0.41 | TLOSS: 0.27 | TVAL: 0.09 | AENT: 0.98 | BCLOSS: 0.00
| train          | E: 20 | S: 2136 | R: 0.77 | TR: -90.96 | TF: 128 | LR: 128 | NR: 0 | D: 38.0 s | TD: 791.6 s | BR: 0.00 | ALOSS: -0.28 | CLOSS: 0.00 | TLOSS: 0.28 | TVAL: 0.09 | AENT: 1.10 | BCLOSS: 0.00
| train          | E: 21 | S: 2248 | R: 5.20 | TR: -396.80 | TF: 128 | LR: 128 | NR: 0 | D: 35.9 s | TD: 827.4 s | BR: 0.01 | ALOSS: -0.32 | CLOSS: 0.00 | TLOSS: 0.27 | TVAL: 0.09 | AENT: 1.09 | BCLOSS: 0.00
| train          | E: 22 | S: 2349 | R: 7.55 | TR: -193.13 | TF: 128 | LR: 128 | NR: 0 | D: 33.8 s | TD: 861.3 s | BR: 0.01 | ALOSS: -0.35 | CLOSS: 0.00 | TLOSS: 0.27 | TVAL: 0.09 | AENT: 1.09 | BCLOSS: 0.00
| train          | E: 23 | S: 2497 | R: 1.28 | TR: -405.10 | TF: 128 | LR: 128 | NR: 0 | D: 48.9 s | TD: 910.2 s | BR: 0.01 | ALOSS: -0.39 | CLOSS: 0.00 | TLOSS: 0.27 | TVAL: 0.09 | AENT: 1.09 | BCLOSS: 0.00
| train          | E: 24 | S: 2570 | R: 14.20 | TR: -163.35 | TF: 128 | LR: 128 | NR: 0 | D: 24.5 s | TD: 934.7 s | BR: 0.01 | ALOSS: -0.43 | CLOSS: 0.00 | TLOSS: 0.26 | TVAL: 0.09 | AENT: 1.09 | BCLOSS: 0.00
| train          | E: 25 | S: 2660 | R: -4.28 | TR: -499.27 | TF: 128 | LR: 128 | NR: 0 | D: 29.7 s | TD: 964.4 s | BR: 0.01 | ALOSS: -0.45 | CLOSS: 0.00 | TLOSS: 0.26 | TVAL: 0.08 | AENT: 1.09 | BCLOSS: 0.00
| train          | E: 26 | S: 2775 | R: -0.59 | TR: -415.99 | TF: 128 | LR: 128 | NR: 0 | D: 38.1 s | TD: 1002.5 s | BR: 0.01 | ALOSS: -0.48 | CLOSS: 0.00 | TLOSS: 0.26 | TVAL: 0.08 | AENT: 1.10 | BCLOSS: 0.00
| train          | E: 27 | S: 2879 | R: -0.01 | TR: -561.09 | TF: 128 | LR: 128 | NR: 0 | D: 34.2 s | TD: 1036.7 s | BR: 0.01 | ALOSS: -0.50 | CLOSS: 0.00 | TLOSS: 0.26 | TVAL: 0.08 | AENT: 1.10 | BCLOSS: 0.00
| train          | E: 28 | S: 2961 | R: -0.94 | TR: -561.31 | TF: 128 | LR: 128 | NR: 0 | D: 27.2 s | TD: 1063.9 s | BR: 0.01 | ALOSS: -0.52 | CLOSS: 0.00 | TLOSS: 0.26 | TVAL: 0.08 | AENT: 1.10 | BCLOSS: 0.00
| train          | E: 29 | S: 3072 | R: -4.30 | TR: -537.25 | TF: 128 | LR: 128 | NR: 0 | D: 36.3 s | TD: 1100.2 s | BR: 0.01 | ALOSS: -0.55 | CLOSS: 0.00 | TLOSS: 0.25 | TVAL: 0.08 | AENT: 1.09 | BCLOSS: 0.00
| train          | E: 30 | S: 3181 | R: 6.18 | TR: -443.93 | TF: 128 | LR: 128 | NR: 0 | D: 36.0 s | TD: 1136.2 s | BR: 0.01 | ALOSS: -0.58 | CLOSS: 0.01 | TLOSS: 0.25 | TVAL: 0.08 | AENT: 1.09 | BCLOSS: 0.00
| train          | E: 31 | S: 3277 | R: 8.16 | TR: -448.96 | TF: 128 | LR: 128 | NR: 0 | D: 31.9 s | TD: 1168.1 s | BR: 0.01 | ALOSS: -0.61 | CLOSS: 0.01 | TLOSS: 0.25 | TVAL: 0.08 | AENT: 1.08 | BCLOSS: 0.00
| train          | E: 32 | S: 3394 | R: 5.14 | TR: -272.55 | TF: 128 | LR: 128 | NR: 0 | D: 38.9 s | TD: 1207.0 s | BR: 0.01 | ALOSS: -0.65 | CLOSS: 0.01 | TLOSS: 0.24 | TVAL: 0.08 | AENT: 1.08 | BCLOSS: 0.00
| train          | E: 33 | S: 3503 | R: 2.29 | TR: -582.94 | TF: 128 | LR: 128 | NR: 0 | D: 36.2 s | TD: 1243.3 s | BR: 0.01 | ALOSS: -0.68 | CLOSS: 0.01 | TLOSS: 0.24 | TVAL: 0.08 | AENT: 1.07 | BCLOSS: 0.00
| train          | E: 34 | S: 3615 | R: 7.26 | TR: -463.46 | TF: 128 | LR: 128 | NR: 0 | D: 37.1 s | TD: 1280.3 s | BR: 0.02 | ALOSS: -0.71 | CLOSS: 0.01 | TLOSS: 0.24 | TVAL: 0.08 | AENT: 1.06 | BCLOSS: 0.00
| train          | E: 35 | S: 3743 | R: 2.00 | TR: -595.61 | TF: 128 | LR: 128 | NR: 0 | D: 41.8 s | TD: 1322.1 s | BR: 0.02 | ALOSS: -0.74 | CLOSS: 0.01 | TLOSS: 0.23 | TVAL: 0.08 | AENT: 1.06 | BCLOSS: 0.00
| train          | E: 36 | S: 3856 | R: 17.99 | TR: -18.56 | TF: 128 | LR: 128 | NR: 0 | D: 37.4 s | TD: 1359.6 s | BR: 0.02 | ALOSS: -0.78 | CLOSS: 0.01 | TLOSS: 0.23 | TVAL: 0.08 | AENT: 1.04 | BCLOSS: 0.00
| train          | E: 37 | S: 3960 | R: 9.32 | TR: -161.59 | TF: 128 | LR: 128 | NR: 0 | D: 34.7 s | TD: 1394.3 s | BR: 0.02 | ALOSS: -0.81 | CLOSS: 0.01 | TLOSS: 0.23 | TVAL: 0.08 | AENT: 1.03 | BCLOSS: 0.00
| train          | E: 38 | S: 4111 | R: -0.17 | TR: -501.17 | TF: 128 | LR: 128 | NR: 0 | D: 49.9 s | TD: 1444.1 s | BR: 0.02 | ALOSS: -0.85 | CLOSS: 0.01 | TLOSS: 0.22 | TVAL: 0.07 | AENT: 1.02 | BCLOSS: 0.00
| train          | E: 39 | S: 4226 | R: 12.83 | TR: -46.33 | TF: 128 | LR: 128 | NR: 0 | D: 37.6 s | TD: 1481.7 s | BR: 0.02 | ALOSS: -0.89 | CLOSS: 0.01 | TLOSS: 0.22 | TVAL: 0.07 | AENT: 1.01 | BCLOSS: 0.00
| train          | E: 40 | S: 4339 | R: 6.01 | TR: -418.73 | TF: 128 | LR: 128 | NR: 0 | D: 37.3 s | TD: 1518.9 s | BR: 0.02 | ALOSS: -0.92 | CLOSS: 0.01 | TLOSS: 0.22 | TVAL: 0.07 | AENT: 1.00 | BCLOSS: 0.00
| train          | E: 41 | S: 4443 | R: 5.06 | TR: -542.09 | TF: 128 | LR: 128 | NR: 0 | D: 34.8 s | TD: 1553.7 s | BR: 0.02 | ALOSS: -0.95 | CLOSS: 0.01 | TLOSS: 0.21 | TVAL: 0.07 | AENT: 0.98 | BCLOSS: 0.00
| train          | E: 42 | S: 4542 | R: 9.43 | TR: -342.66 | TF: 128 | LR: 128 | NR: 0 | D: 33.1 s | TD: 1586.9 s | BR: 0.02 | ALOSS: -0.97 | CLOSS: 0.01 | TLOSS: 0.21 | TVAL: 0.07 | AENT: 0.98 | BCLOSS: 0.00
| train          | E: 43 | S: 4650 | R: 0.71 | TR: -411.84 | TF: 128 | LR: 128 | NR: 0 | D: 35.9 s | TD: 1622.8 s | BR: 0.02 | ALOSS: -0.99 | CLOSS: 0.01 | TLOSS: 0.21 | TVAL: 0.07 | AENT: 0.98 | BCLOSS: 0.00
| train          | E: 44 | S: 4747 | R: 1.15 | TR: -544.72 | TF: 128 | LR: 128 | NR: 0 | D: 31.9 s | TD: 1654.7 s | BR: 0.03 | ALOSS: -1.02 | CLOSS: 0.01 | TLOSS: 0.21 | TVAL: 0.07 | AENT: 0.97 | BCLOSS: 0.00
| train          | E: 45 | S: 4859 | R: 7.18 | TR: -378.85 | TF: 128 | LR: 128 | NR: 0 | D: 37.1 s | TD: 1691.9 s | BR: 0.03 | ALOSS: -1.05 | CLOSS: 0.01 | TLOSS: 0.21 | TVAL: 0.07 | AENT: 0.96 | BCLOSS: 0.00
| train          | E: 46 | S: 4972 | R: 9.28 | TR: -396.96 | TF: 128 | LR: 128 | NR: 0 | D: 37.4 s | TD: 1729.2 s | BR: 0.03 | ALOSS: -1.09 | CLOSS: 0.01 | TLOSS: 0.20 | TVAL: 0.07 | AENT: 0.95 | BCLOSS: 0.00
| train          | E: 47 | S: 5082 | R: 13.10 | TR: -245.86 | TF: 128 | LR: 128 | NR: 0 | D: 36.9 s | TD: 1766.2 s | BR: 0.03 | ALOSS: -1.13 | CLOSS: 0.01 | TLOSS: 0.20 | TVAL: 0.07 | AENT: 0.94 | BCLOSS: 0.00
| train          | E: 48 | S: 5191 | R: 17.23 | TR: -29.24 | TF: 128 | LR: 128 | NR: 0 | D: 35.7 s | TD: 1801.8 s | BR: 0.03 | ALOSS: -1.16 | CLOSS: 0.01 | TLOSS: 0.20 | TVAL: 0.07 | AENT: 0.93 | BCLOSS: 0.00
| train          | E: 49 | S: 5280 | R: 4.25 | TR: -551.31 | TF: 128 | LR: 128 | NR: 0 | D: 29.1 s | TD: 1830.9 s | BR: 0.03 | ALOSS: -1.17 | CLOSS: 0.01 | TLOSS: 0.20 | TVAL: 0.07 | AENT: 0.92 | BCLOSS: 0.00
| train          | E: 50 | S: 5388 | R: 2.44 | TR: -354.68 | TF: 128 | LR: 128 | NR: 0 | D: 35.9 s | TD: 1866.9 s | BR: 0.03 | ALOSS: -1.20 | CLOSS: 0.01 | TLOSS: 0.19 | TVAL: 0.07 | AENT: 0.92 | BCLOSS: 0.00
| train          | E: 51 | S: 5485 | R: 16.79 | TR: -22.15 | TF: 128 | LR: 128 | NR: 0 | D: 32.0 s | TD: 1898.8 s | BR: 0.03 | ALOSS: -1.23 | CLOSS: 0.01 | TLOSS: 0.19 | TVAL: 0.07 | AENT: 0.91 | BCLOSS: 0.00
| train          | E: 52 | S: 5597 | R: 3.34 | TR: -317.27 | TF: 128 | LR: 128 | NR: 0 | D: 37.3 s | TD: 1936.1 s | BR: 0.03 | ALOSS: -1.26 | CLOSS: 0.01 | TLOSS: 0.19 | TVAL: 0.07 | AENT: 0.90 | BCLOSS: 0.00
| train          | E: 53 | S: 5709 | R: 2.58 | TR: -570.85 | TF: 128 | LR: 128 | NR: 0 | D: 36.9 s | TD: 1973.0 s | BR: 0.03 | ALOSS: -1.29 | CLOSS: 0.01 | TLOSS: 0.19 | TVAL: 0.06 | AENT: 0.88 | BCLOSS: 0.00
| train          | E: 54 | S: 5835 | R: 17.75 | TR: 3.86 | TF: 128 | LR: 128 | NR: 0 | D: 42.1 s | TD: 2015.0 s | BR: 0.04 | ALOSS: -1.32 | CLOSS: 0.01 | TLOSS: 0.18 | TVAL: 0.06 | AENT: 0.87 | BCLOSS: 0.00
| train          | E: 55 | S: 5927 | R: -16.33 | TR: -306.15 | TF: 128 | LR: 128 | NR: 0 | D: 30.7 s | TD: 2045.7 s | BR: 0.03 | ALOSS: -1.32 | CLOSS: 0.01 | TLOSS: 0.18 | TVAL: 0.06 | AENT: 0.87 | BCLOSS: 0.00
| train          | E: 56 | S: 6032 | R: 1.49 | TR: -352.06 | TF: 128 | LR: 128 | NR: 0 | D: 34.6 s | TD: 2080.3 s | BR: 0.03 | ALOSS: -1.34 | CLOSS: 0.01 | TLOSS: 0.18 | TVAL: 0.06 | AENT: 0.86 | BCLOSS: 0.00
| train          | E: 57 | S: 6131 | R: 4.34 | TR: -191.17 | TF: 128 | LR: 128 | NR: 0 | D: 32.6 s | TD: 2112.9 s | BR: 0.03 | ALOSS: -1.36 | CLOSS: 0.01 | TLOSS: 0.18 | TVAL: 0.06 | AENT: 0.85 | BCLOSS: 0.00
| train          | E: 58 | S: 6215 | R: 1.78 | TR: -475.95 | TF: 128 | LR: 128 | NR: 0 | D: 27.4 s | TD: 2140.3 s | BR: 0.03 | ALOSS: -1.38 | CLOSS: 0.01 | TLOSS: 0.18 | TVAL: 0.06 | AENT: 0.85 | BCLOSS: 0.00
| train          | E: 59 | S: 6344 | R: 2.37 | TR: -271.46 | TF: 128 | LR: 128 | NR: 0 | D: 42.5 s | TD: 2182.8 s | BR: 0.03 | ALOSS: -1.42 | CLOSS: 0.01 | TLOSS: 0.17 | TVAL: 0.06 | AENT: 0.85 | BCLOSS: 0.00
| train          | E: 60 | S: 6431 | R: 18.32 | TR: 48.16 | TF: 128 | LR: 128 | NR: 0 | D: 28.7 s | TD: 2211.4 s | BR: 0.03 | ALOSS: -1.44 | CLOSS: 0.01 | TLOSS: 0.17 | TVAL: 0.06 | AENT: 0.83 | BCLOSS: 0.00
| train          | E: 61 | S: 6534 | R: 1.95 | TR: -296.90 | TF: 128 | LR: 128 | NR: 0 | D: 34.1 s | TD: 2245.5 s | BR: 0.04 | ALOSS: -1.47 | CLOSS: 0.01 | TLOSS: 0.17 | TVAL: 0.06 | AENT: 0.83 | BCLOSS: 0.00
| train          | E: 62 | S: 6634 | R: 5.26 | TR: -381.53 | TF: 128 | LR: 128 | NR: 0 | D: 33.3 s | TD: 2278.9 s | BR: 0.03 | ALOSS: -1.47 | CLOSS: 0.01 | TLOSS: 0.17 | TVAL: 0.06 | AENT: 0.81 | BCLOSS: 0.00
| train          | E: 63 | S: 6727 | R: -2.74 | TR: -552.04 | TF: 128 | LR: 128 | NR: 0 | D: 30.8 s | TD: 2309.7 s | BR: 0.03 | ALOSS: -1.49 | CLOSS: 0.01 | TLOSS: 0.17 | TVAL: 0.06 | AENT: 0.81 | BCLOSS: 0.00
| train          | E: 64 | S: 6820 | R: -3.63 | TR: -532.03 | TF: 128 | LR: 128 | NR: 0 | D: 30.5 s | TD: 2340.2 s | BR: 0.03 | ALOSS: -1.49 | CLOSS: 0.01 | TLOSS: 0.16 | TVAL: 0.06 | AENT: 0.80 | BCLOSS: 0.00
| train          | E: 65 | S: 6916 | R: 0.02 | TR: -612.02 | TF: 128 | LR: 128 | NR: 0 | D: 31.6 s | TD: 2371.7 s | BR: 0.03 | ALOSS: -1.52 | CLOSS: 0.01 | TLOSS: 0.16 | TVAL: 0.06 | AENT: 0.80 | BCLOSS: 0.00
Reward function is updated!! ACC: 0.9713541666666666
| train          | E: 66 | S: 7006 | R: 10.12 | TR: -247.78 | TF: 128 | LR: 128 | NR: 0 | D: 55.7 s | TD: 2427.5 s | BR: 0.03 | ALOSS: -1.54 | CLOSS: 0.01 | TLOSS: 0.16 | TVAL: 0.06 | AENT: 0.79 | BCLOSS: 0.00
| train          | E: 67 | S: 7214 | R: -0.09 | TR: -603.32 | TF: 256 | LR: 256 | NR: 0 | D: 68.4 s | TD: 2495.8 s | BR: 0.04 | ALOSS: -1.55 | CLOSS: 0.02 | TLOSS: 0.15 | TVAL: 0.06 | AENT: 0.73 | BCLOSS: 0.00
| train          | E: 68 | S: 7766 | R: 20.24 | TR: -234.16 | TF: 256 | LR: 256 | NR: 0 | D: 176.4 s | TD: 2672.2 s | BR: 0.04 | ALOSS: -1.65 | CLOSS: 0.01 | TLOSS: 0.15 | TVAL: 0.05 | AENT: 0.66 | BCLOSS: 0.00
| train          | E: 69 | S: 7878 | R: 47.96 | TR: -243.47 | TF: 256 | LR: 256 | NR: 0 | D: 36.1 s | TD: 2708.3 s | BR: 0.05 | ALOSS: -1.71 | CLOSS: 0.01 | TLOSS: 0.14 | TVAL: 0.05 | AENT: 0.62 | BCLOSS: 0.00
| train          | E: 70 | S: 8269 | R: 15.17 | TR: -0.55 | TF: 256 | LR: 256 | NR: 0 | D: 130.2 s | TD: 2838.6 s | BR: 0.05 | ALOSS: -1.76 | CLOSS: 0.01 | TLOSS: 0.13 | TVAL: 0.05 | AENT: 0.58 | BCLOSS: 0.00
| train          | E: 71 | S: 9269 | R: 6.70 | TR: -199.82 | TF: 256 | LR: 256 | NR: 0 | D: 330.1 s | TD: 3168.6 s | BR: 0.05 | ALOSS: -1.91 | CLOSS: 0.02 | TLOSS: 0.12 | TVAL: 0.05 | AENT: 0.48 | BCLOSS: 0.00
| train          | E: 72 | S: 9405 | R: 90.08 | TR: -106.20 | TF: 256 | LR: 256 | NR: 0 | D: 44.7 s | TD: 3213.3 s | BR: 0.05 | ALOSS: -2.05 | CLOSS: 0.02 | TLOSS: 0.11 | TVAL: 0.05 | AENT: 0.41 | BCLOSS: 0.00
| train          | E: 73 | S: 9646 | R: 17.11 | TR: 14.54 | TF: 256 | LR: 256 | NR: 0 | D: 79.1 s | TD: 3292.4 s | BR: 0.05 | ALOSS: -2.11 | CLOSS: 0.02 | TLOSS: 0.11 | TVAL: 0.05 | AENT: 0.40 | BCLOSS: 0.00
| train          | E: 74 | S: 9894 | R: 7.03 | TR: -343.22 | TF: 256 | LR: 256 | NR: 0 | D: 81.8 s | TD: 3374.1 s | BR: 0.05 | ALOSS: -2.15 | CLOSS: 0.02 | TLOSS: 0.11 | TVAL: 0.05 | AENT: 0.38 | BCLOSS: 0.00
| train          | E: 75 | S: 10894 | R: 22.29 | TR: -15.02 | TF: 256 | LR: 256 | NR: 0 | D: 330.7 s | TD: 3704.8 s | BR: 0.05 | ALOSS: -2.25 | CLOSS: 0.02 | TLOSS: 0.10 | TVAL: 0.04 | AENT: 0.32 | BCLOSS: 0.00
| train          | E: 76 | S: 11894 | R: 54.52 | TR: -76.35 | TF: 256 | LR: 256 | NR: 0 | D: 330.5 s | TD: 4035.3 s | BR: 0.06 | ALOSS: -2.49 | CLOSS: 0.02 | TLOSS: 0.09 | TVAL: 0.04 | AENT: 0.20 | BCLOSS: 0.00
Reward function is updated!! ACC: 0.9704861111111112
| train          | E: 77 | S: 12894 | R: 133.29 | TR: -1.23 | TF: 256 | LR: 256 | NR: 0 | D: 356.0 s | TD: 4391.4 s | BR: 0.07 | ALOSS: -2.87 | CLOSS: 0.02 | TLOSS: 0.07 | TVAL: 0.04 | AENT: -0.10 | BCLOSS: 0.00
| train          | E: 78 | S: 13894 | R: 184.03 | TR: -65.56 | TF: 384 | LR: 384 | NR: 0 | D: 321.8 s | TD: 4713.1 s | BR: 0.08 | ALOSS: -3.31 | CLOSS: 0.02 | TLOSS: 0.06 | TVAL: 0.03 | AENT: -0.34 | BCLOSS: 0.00
| train          | E: 79 | S: 14469 | R: 156.17 | TR: -133.67 | TF: 384 | LR: 384 | NR: 0 | D: 189.1 s | TD: 4902.2 s | BR: 0.08 | ALOSS: -3.63 | CLOSS: 0.02 | TLOSS: 0.05 | TVAL: 0.03 | AENT: -0.46 | BCLOSS: 0.00
| train          | E: 80 | S: 15058 | R: 92.45 | TR: -149.19 | TF: 384 | LR: 384 | NR: 0 | D: 194.2 s | TD: 5096.4 s | BR: 0.08 | ALOSS: -3.83 | CLOSS: 0.02 | TLOSS: 0.05 | TVAL: 0.03 | AENT: -0.49 | BCLOSS: 0.00
| train          | E: 81 | S: 15838 | R: 86.87 | TR: -170.84 | TF: 384 | LR: 384 | NR: 0 | D: 258.4 s | TD: 5354.8 s | BR: 0.09 | ALOSS: -4.10 | CLOSS: 0.02 | TLOSS: 0.04 | TVAL: 0.03 | AENT: -0.53 | BCLOSS: 0.00
| train          | E: 82 | S: 16467 | R: 115.95 | TR: -258.83 | TF: 384 | LR: 384 | NR: 0 | D: 207.2 s | TD: 5562.0 s | BR: 0.09 | ALOSS: -4.34 | CLOSS: 0.01 | TLOSS: 0.04 | TVAL: 0.03 | AENT: -0.64 | BCLOSS: 0.00
Reward function is updated!! ACC: 0.97265625
| train          | E: 83 | S: 17051 | R: 108.63 | TR: -164.00 | TF: 384 | LR: 384 | NR: 0 | D: 269.4 s | TD: 5831.4 s | BR: 0.10 | ALOSS: -4.58 | CLOSS: 0.02 | TLOSS: 0.03 | TVAL: 0.03 | AENT: -0.73 | BCLOSS: 0.00
| train          | E: 84 | S: 17830 | R: 112.85 | TR: -165.59 | TF: 512 | LR: 512 | NR: 0 | D: 257.6 s | TD: 6089.0 s | BR: 0.13 | ALOSS: -4.97 | CLOSS: 0.02 | TLOSS: 0.01 | TVAL: 0.02 | AENT: -1.49 | BCLOSS: 0.00
| train          | E: 85 | S: 18118 | R: -166.92 | TR: 179.42 | TF: 512 | LR: 512 | NR: 0 | D: 94.9 s | TD: 6184.0 s | BR: 0.12 | ALOSS: -5.17 | CLOSS: 0.02 | TLOSS: 0.01 | TVAL: 0.02 | AENT: -1.57 | BCLOSS: 0.00
| train          | E: 86 | S: 18329 | R: 69.51 | TR: -131.66 | TF: 512 | LR: 512 | NR: 0 | D: 69.2 s | TD: 6253.2 s | BR: 0.12 | ALOSS: -5.32 | CLOSS: 0.02 | TLOSS: 0.01 | TVAL: 0.02 | AENT: -1.59 | BCLOSS: 0.00
| train          | E: 87 | S: 18530 | R: 47.54 | TR: -116.93 | TF: 512 | LR: 512 | NR: 0 | D: 67.3 s | TD: 6320.5 s | BR: 0.12 | ALOSS: -5.44 | CLOSS: 0.02 | TLOSS: 0.01 | TVAL: 0.02 | AENT: -1.62 | BCLOSS: 0.00
| train          | E: 88 | S: 18876 | R: 48.41 | TR: -211.44 | TF: 512 | LR: 512 | NR: 0 | D: 113.3 s | TD: 6433.8 s | BR: 0.12 | ALOSS: -5.61 | CLOSS: 0.03 | TLOSS: 0.01 | TVAL: 0.02 | AENT: -1.66 | BCLOSS: 0.00
| train          | E: 89 | S: 18991 | R: 80.03 | TR: -135.42 | TF: 512 | LR: 512 | NR: 0 | D: 35.9 s | TD: 6469.7 s | BR: 0.12 | ALOSS: -5.76 | CLOSS: 0.03 | TLOSS: 0.01 | TVAL: 0.02 | AENT: -1.68 | BCLOSS: 0.00
| train          | E: 90 | S: 19285 | R: 28.40 | TR: -144.52 | TF: 512 | LR: 512 | NR: 0 | D: 93.0 s | TD: 6562.7 s | BR: 0.13 | ALOSS: -5.87 | CLOSS: 0.03 | TLOSS: 0.01 | TVAL: 0.02 | AENT: -1.69 | BCLOSS: 0.00
| train          | E: 91 | S: 19528 | R: 68.94 | TR: -203.65 | TF: 512 | LR: 512 | NR: 0 | D: 76.8 s | TD: 6639.5 s | BR: 0.13 | ALOSS: -6.05 | CLOSS: 0.04 | TLOSS: 0.01 | TVAL: 0.02 | AENT: -1.69 | BCLOSS: 0.00
| train          | E: 92 | S: 19770 | R: 54.63 | TR: -172.21 | TF: 512 | LR: 512 | NR: 0 | D: 77.0 s | TD: 6716.5 s | BR: 0.13 | ALOSS: -6.20 | CLOSS: 0.04 | TLOSS: 0.01 | TVAL: 0.02 | AENT: -1.70 | BCLOSS: 0.00
| train          | E: 93 | S: 19931 | R: 57.37 | TR: -185.11 | TF: 512 | LR: 512 | NR: 0 | D: 52.9 s | TD: 6769.4 s | BR: 0.13 | ALOSS: -6.32 | CLOSS: 0.04 | TLOSS: 0.01 | TVAL: 0.02 | AENT: -1.75 | BCLOSS: 0.00
| train          | E: 94 | S: 20105 | R: 36.06 | TR: -266.88 | TF: 512 | LR: 512 | NR: 0 | D: 57.6 s | TD: 6826.9 s | BR: 0.13 | ALOSS: -6.42 | CLOSS: 0.04 | TLOSS: 0.01 | TVAL: 0.02 | AENT: -1.73 | BCLOSS: 0.00
| train          | E: 95 | S: 20306 | R: 43.97 | TR: -209.96 | TF: 512 | LR: 512 | NR: 0 | D: 66.9 s | TD: 6893.8 s | BR: 0.13 | ALOSS: -6.54 | CLOSS: 0.05 | TLOSS: 0.00 | TVAL: 0.02 | AENT: -1.78 | BCLOSS: 0.00
| train          | E: 96 | S: 20582 | R: 54.93 | TR: -197.34 | TF: 512 | LR: 512 | NR: 0 | D: 90.9 s | TD: 6984.8 s | BR: 0.13 | ALOSS: -6.68 | CLOSS: 0.05 | TLOSS: 0.00 | TVAL: 0.02 | AENT: -1.84 | BCLOSS: 0.00
| train          | E: 97 | S: 20975 | R: 62.74 | TR: -87.14 | TF: 512 | LR: 512 | NR: 0 | D: 129.3 s | TD: 7114.1 s | BR: 0.13 | ALOSS: -6.84 | CLOSS: 0.05 | TLOSS: 0.00 | TVAL: 0.02 | AENT: -1.88 | BCLOSS: 0.00
| train          | E: 98 | S: 21268 | R: 92.06 | TR: -157.12 | TF: 512 | LR: 512 | NR: 0 | D: 96.8 s | TD: 7210.9 s | BR: 0.14 | ALOSS: -7.03 | CLOSS: 0.05 | TLOSS: 0.00 | TVAL: 0.02 | AENT: -1.87 | BCLOSS: 0.00
| train          | E: 99 | S: 21635 | R: 67.10 | TR: -85.54 | TF: 512 | LR: 512 | NR: 0 | D: 121.1 s | TD: 7332.0 s | BR: 0.14 | ALOSS: -7.18 | CLOSS: 0.05 | TLOSS: 0.00 | TVAL: 0.02 | AENT: -1.87 | BCLOSS: 0.00
| train          | E: 100 | S: 21974 | R: 93.03 | TR: -173.33 | TF: 512 | LR: 512 | NR: 0 | D: 112.1 s | TD: 7444.1 s | BR: 0.14 | ALOSS: -7.37 | CLOSS: 0.05 | TLOSS: 0.00 | TVAL: 0.02 | AENT: -1.87 | BCLOSS: 0.00
Reward function is updated!! ACC: 0.9718749999999999
| train          | E: 101 | S: 22974 | R: 81.99 | TR: -83.02 | TF: 512 | LR: 512 | NR: 0 | D: 425.5 s | TD: 7869.6 s | BR: 0.17 | ALOSS: -7.80 | CLOSS: 0.05 | TLOSS: 0.00 | TVAL: 0.02 | AENT: -1.85 | BCLOSS: 0.00
| train          | E: 102 | S: 23974 | R: 331.65 | TR: -88.30 | TF: 640 | LR: 640 | NR: 0 | D: 328.7 s | TD: 8198.3 s | BR: 0.18 | ALOSS: -8.43 | CLOSS: 0.06 | TLOSS: 0.00 | TVAL: 0.02 | AENT: -1.92 | BCLOSS: 0.00
| train          | E: 103 | S: 24673 | R: 330.72 | TR: -51.29 | TF: 640 | LR: 640 | NR: 0 | D: 227.0 s | TD: 8425.3 s | BR: 0.18 | ALOSS: -8.90 | CLOSS: 0.06 | TLOSS: 0.00 | TVAL: 0.02 | AENT: -1.98 | BCLOSS: 0.00
| train          | E: 104 | S: 25121 | R: 202.13 | TR: -196.79 | TF: 640 | LR: 640 | NR: 0 | D: 140.9 s | TD: 8566.2 s | BR: 0.18 | ALOSS: -9.20 | CLOSS: 0.06 | TLOSS: -0.00 | TVAL: 0.02 | AENT: -2.00 | BCLOSS: 0.00
| train          | E: 105 | S: 25649 | R: 138.07 | TR: -145.66 | TF: 640 | LR: 640 | NR: 0 | D: 172.2 s | TD: 8738.4 s | BR: 0.19 | ALOSS: -9.49 | CLOSS: 0.07 | TLOSS: -0.00 | TVAL: 0.02 | AENT: -2.00 | BCLOSS: 0.00
| train          | E: 106 | S: 26137 | R: 174.10 | TR: -136.54 | TF: 640 | LR: 640 | NR: 0 | D: 159.9 s | TD: 8898.3 s | BR: 0.19 | ALOSS: -9.79 | CLOSS: 0.06 | TLOSS: 0.00 | TVAL: 0.02 | AENT: -1.98 | BCLOSS: 0.00
| train          | E: 107 | S: 26690 | R: 164.36 | TR: -104.82 | TF: 640 | LR: 640 | NR: 0 | D: 182.6 s | TD: 9080.9 s | BR: 0.19 | ALOSS: -10.11 | CLOSS: 0.07 | TLOSS: -0.00 | TVAL: 0.02 | AENT: -2.01 | BCLOSS: 0.00
| train          | E: 108 | S: 26923 | R: 196.78 | TR: -145.20 | TF: 640 | LR: 640 | NR: 0 | D: 76.8 s | TD: 9157.7 s | BR: 0.20 | ALOSS: -10.35 | CLOSS: 0.07 | TLOSS: -0.00 | TVAL: 0.02 | AENT: -2.01 | BCLOSS: 0.00
Reward function is updated!! ACC: 0.9709201388888888
| train          | E: 109 | S: 27188 | R: 75.42 | TR: -79.23 | TF: 640 | LR: 640 | NR: 0 | D: 248.9 s | TD: 9406.7 s | BR: 0.23 | ALOSS: -10.51 | CLOSS: 0.08 | TLOSS: 0.00 | TVAL: 0.02 | AENT: -1.72 | BCLOSS: 0.00
| train          | E: 110 | S: 27692 | R: 94.44 | TR: -119.05 | TF: 768 | LR: 768 | NR: 0 | D: 165.8 s | TD: 9572.5 s | BR: 0.24 | ALOSS: -10.79 | CLOSS: 0.08 | TLOSS: 0.01 | TVAL: 0.02 | AENT: -1.67 | BCLOSS: 0.00
| train          | E: 111 | S: 28043 | R: 188.93 | TR: -81.96 | TF: 768 | LR: 768 | NR: 0 | D: 115.8 s | TD: 9688.2 s | BR: 0.24 | ALOSS: -11.04 | CLOSS: 0.09 | TLOSS: 0.00 | TVAL: 0.02 | AENT: -1.78 | BCLOSS: 0.00
| train          | E: 112 | S: 28497 | R: 133.17 | TR: -115.08 | TF: 768 | LR: 768 | NR: 0 | D: 149.1 s | TD: 9837.3 s | BR: 0.24 | ALOSS: -11.33 | CLOSS: 0.10 | TLOSS: 0.00 | TVAL: 0.02 | AENT: -1.85 | BCLOSS: 0.00
| train          | E: 113 | S: 28934 | R: 201.54 | TR: -95.26 | TF: 768 | LR: 768 | NR: 0 | D: 143.2 s | TD: 9980.5 s | BR: 0.25 | ALOSS: -11.64 | CLOSS: 0.10 | TLOSS: 0.00 | TVAL: 0.02 | AENT: -1.90 | BCLOSS: 0.00
| train          | E: 114 | S: 29125 | R: 192.17 | TR: -102.40 | TF: 768 | LR: 768 | NR: 0 | D: 63.2 s | TD: 10043.7 s | BR: 0.25 | ALOSS: -11.84 | CLOSS: 0.10 | TLOSS: 0.00 | TVAL: 0.01 | AENT: -1.94 | BCLOSS: 0.00
| train          | E: 115 | S: 29657 | R: 77.65 | TR: -126.01 | TF: 768 | LR: 768 | NR: 0 | D: 174.3 s | TD: 10218.0 s | BR: 0.25 | ALOSS: -12.08 | CLOSS: 0.11 | TLOSS: 0.00 | TVAL: 0.01 | AENT: -1.97 | BCLOSS: 0.00
| train          | E: 116 | S: 30318 | R: 241.30 | TR: -133.78 | TF: 768 | LR: 768 | NR: 0 | D: 210.3 s | TD: 10428.3 s | BR: 0.25 | ALOSS: -12.45 | CLOSS: 0.11 | TLOSS: -0.00 | TVAL: 0.01 | AENT: -2.07 | BCLOSS: 0.00
| train          | E: 117 | S: 30501 | R: 277.97 | TR: -180.04 | TF: 768 | LR: 768 | NR: 0 | D: 58.2 s | TD: 10486.5 s | BR: 0.26 | ALOSS: -12.70 | CLOSS: 0.11 | TLOSS: -0.00 | TVAL: 0.02 | AENT: -2.05 | BCLOSS: 0.00
| train          | E: 118 | S: 31294 | R: 80.20 | TR: -83.34 | TF: 768 | LR: 768 | NR: 0 | D: 258.8 s | TD: 10745.3 s | BR: 0.26 | ALOSS: -13.01 | CLOSS: 0.11 | TLOSS: -0.00 | TVAL: 0.02 | AENT: -2.05 | BCLOSS: 0.00
| train          | E: 119 | S: 31554 | R: 348.33 | TR: -176.54 | TF: 768 | LR: 768 | NR: 0 | D: 86.5 s | TD: 10831.9 s | BR: 0.26 | ALOSS: -13.35 | CLOSS: 0.11 | TLOSS: -0.00 | TVAL: 0.02 | AENT: -2.05 | BCLOSS: 0.00
| train          | E: 120 | S: 31756 | R: 115.44 | TR: -81.19 | TF: 768 | LR: 768 | NR: 0 | D: 66.5 s | TD: 10898.4 s | BR: 0.26 | ALOSS: -13.48 | CLOSS: 0.14 | TLOSS: -0.00 | TVAL: 0.02 | AENT: -2.03 | BCLOSS: 0.00
Reward function is updated!! ACC: 0.972842261904762
| train          | E: 121 | S: 32756 | R: 95.01 | TR: 32.87 | TF: 768 | LR: 768 | NR: 0 | D: 504.8 s | TD: 11403.2 s | BR: 0.26 | ALOSS: -13.87 | CLOSS: 0.13 | TLOSS: -0.00 | TVAL: 0.02 | AENT: -2.01 | BCLOSS: 0.00
| train          | E: 122 | S: 33756 | R: 407.67 | TR: -74.77 | TF: 896 | LR: 896 | NR: 0 | D: 328.8 s | TD: 11732.0 s | BR: 0.27 | ALOSS: -14.48 | CLOSS: 0.14 | TLOSS: -0.00 | TVAL: 0.02 | AENT: -2.03 | BCLOSS: 0.00
| train          | E: 123 | S: 34756 | R: 411.78 | TR: -54.92 | TF: 896 | LR: 896 | NR: 0 | D: 328.4 s | TD: 12060.4 s | BR: 0.27 | ALOSS: -15.10 | CLOSS: 0.15 | TLOSS: -0.00 | TVAL: 0.02 | AENT: -2.02 | BCLOSS: 0.00
| train          | E: 124 | S: 35016 | R: 416.04 | TR: -45.94 | TF: 896 | LR: 896 | NR: 0 | D: 86.0 s | TD: 12146.4 s | BR: 0.27 | ALOSS: -15.51 | CLOSS: 0.14 | TLOSS: -0.00 | TVAL: 0.02 | AENT: -2.03 | BCLOSS: 0.00
| train          | E: 125 | S: 36016 | R: 118.70 | TR: 66.98 | TF: 896 | LR: 896 | NR: 0 | D: 316.9 s | TD: 12463.3 s | BR: 0.28 | ALOSS: -15.89 | CLOSS: 0.15 | TLOSS: -0.00 | TVAL: 0.02 | AENT: -2.01 | BCLOSS: 0.00
Reward function is updated!! ACC: 0.9703776041666666
| train          | E: 126 | S: 37016 | R: 425.27 | TR: -45.52 | TF: 896 | LR: 896 | NR: 0 | D: 483.0 s | TD: 12946.3 s | BR: 0.28 | ALOSS: -16.49 | CLOSS: 0.15 | TLOSS: -0.00 | TVAL: 0.02 | AENT: -2.01 | BCLOSS: 0.00
| train          | E: 127 | S: 38016 | R: 429.76 | TR: -40.20 | TF: 1024 | LR: 1024 | NR: 0 | D: 330.7 s | TD: 13277.0 s | BR: 0.30 | ALOSS: -17.15 | CLOSS: 0.15 | TLOSS: 0.00 | TVAL: 0.02 | AENT: -1.84 | BCLOSS: 0.00
| train          | E: 128 | S: 39016 | R: 423.37 | TR: -16.31 | TF: 1024 | LR: 1024 | NR: 0 | D: 328.9 s | TD: 13605.9 s | BR: 0.30 | ALOSS: -17.86 | CLOSS: 0.17 | TLOSS: 0.00 | TVAL: 0.02 | AENT: -1.95 | BCLOSS: 0.00
| train          | E: 129 | S: 40016 | R: 412.03 | TR: -54.31 | TF: 1024 | LR: 1024 | NR: 0 | D: 328.4 s | TD: 13934.2 s | BR: 0.31 | ALOSS: -18.55 | CLOSS: 0.18 | TLOSS: 0.00 | TVAL: 0.01 | AENT: -1.99 | BCLOSS: 0.00
| train          | E: 130 | S: 41016 | R: 416.05 | TR: -26.47 | TF: 1024 | LR: 1024 | NR: 0 | D: 326.9 s | TD: 14261.1 s | BR: 0.31 | ALOSS: -19.21 | CLOSS: 0.18 | TLOSS: -0.00 | TVAL: 0.01 | AENT: -2.01 | BCLOSS: 0.00
