workspace: /home/richardhcli/data/Projects/CLAN_labs_onboarding_replicateBilevelPaper/exp/LunarLander-v3/H1024_L2_lr0.0001/teacher_b-1_g1_m0_s0_e0/init1000_unsup1000_inter5000_seg50_acttanh_Rlr0.0003_Rupdate200_en3_sample1_large_batch10_schedule_0_label_smooth_0.0/Value_lambda_0.1_maxfeed1400_Rbatch128_seed1
| train          | E: 9 | S: 1055 | R: 0.85 | TR: -269.44 | TF: 0 | LR: 0 | NR: 0 | D: 95.7 s | TD: 96.2 s | BR: 0.01 | ALOSS: -0.63 | CLOSS: 0.55 | TLOSS: 0.30 | TVAL: 0.10 | AENT: 1.05 | BCLOSS: 0.00
| train          | E: 10 | S: 1147 | R: 1.48 | TR: -321.23 | TF: 0 | LR: 0 | NR: 0 | D: 162.8 s | TD: 258.9 s | BR: 0.01 | ALOSS: -0.97 | CLOSS: 0.39 | TLOSS: 0.31 | TVAL: 0.10 | AENT: 1.13 | BCLOSS: 0.00
| train          | E: 11 | S: 1249 | R: 0.38 | TR: -94.37 | TF: 0 | LR: 0 | NR: 0 | D: 120.9 s | TD: 379.8 s | BR: 0.01 | ALOSS: -1.15 | CLOSS: 0.10 | TLOSS: 0.32 | TVAL: 0.10 | AENT: 1.26 | BCLOSS: 0.00
| train          | E: 12 | S: 1383 | R: 0.74 | TR: -127.03 | TF: 0 | LR: 0 | NR: 0 | D: 52.4 s | TD: 432.2 s | BR: 0.01 | ALOSS: -1.32 | CLOSS: 0.10 | TLOSS: 0.32 | TVAL: 0.10 | AENT: 1.32 | BCLOSS: 0.00
| train          | E: 13 | S: 1481 | R: 1.00 | TR: -80.01 | TF: 0 | LR: 0 | NR: 0 | D: 38.8 s | TD: 470.9 s | BR: 0.01 | ALOSS: -1.50 | CLOSS: 0.11 | TLOSS: 0.32 | TVAL: 0.10 | AENT: 1.29 | BCLOSS: 0.00
| train          | E: 14 | S: 1575 | R: 0.86 | TR: -363.76 | TF: 0 | LR: 0 | NR: 0 | D: 38.6 s | TD: 509.6 s | BR: 0.01 | ALOSS: -1.66 | CLOSS: 0.15 | TLOSS: 0.31 | TVAL: 0.09 | AENT: 1.26 | BCLOSS: 0.00
| train          | E: 15 | S: 1641 | R: 0.67 | TR: -380.16 | TF: 0 | LR: 0 | NR: 0 | D: 27.2 s | TD: 536.8 s | BR: 0.01 | ALOSS: -1.79 | CLOSS: 0.20 | TLOSS: 0.30 | TVAL: 0.09 | AENT: 1.21 | BCLOSS: 0.00
| train          | E: 16 | S: 1710 | R: 0.35 | TR: -134.16 | TF: 0 | LR: 0 | NR: 0 | D: 28.7 s | TD: 565.5 s | BR: 0.01 | ALOSS: -1.90 | CLOSS: 0.24 | TLOSS: 0.30 | TVAL: 0.09 | AENT: 1.22 | BCLOSS: 0.00
| train          | E: 17 | S: 1816 | R: 0.38 | TR: -81.94 | TF: 0 | LR: 0 | NR: 0 | D: 44.1 s | TD: 609.7 s | BR: 0.01 | ALOSS: -2.04 | CLOSS: 0.29 | TLOSS: 0.29 | TVAL: 0.09 | AENT: 1.18 | BCLOSS: 0.00
| train          | E: 18 | S: 1949 | R: 0.76 | TR: -88.98 | TF: 0 | LR: 0 | NR: 0 | D: 56.7 s | TD: 666.4 s | BR: 0.01 | ALOSS: -2.24 | CLOSS: 0.42 | TLOSS: 0.29 | TVAL: 0.09 | AENT: 1.13 | BCLOSS: 0.00
Reward function is updated!! ACC: 0.9713541666666666
| train          | E: 19 | S: 2077 | R: 0.94 | TR: -385.09 | TF: 0 | LR: 0 | NR: 0 | D: 209.6 s | TD: 875.9 s | BR: 0.09 | ALOSS: -1.23 | CLOSS: 0.20 | TLOSS: 0.27 | TVAL: 0.09 | AENT: 1.02 | BCLOSS: 0.00
| train          | E: 20 | S: 2147 | R: 10.87 | TR: -301.75 | TF: 128 | LR: 128 | NR: 0 | D: 22.7 s | TD: 898.7 s | BR: 0.14 | ALOSS: -0.48 | CLOSS: 0.01 | TLOSS: 0.27 | TVAL: 0.09 | AENT: 1.00 | BCLOSS: 0.00
| train          | E: 21 | S: 2229 | R: 2.29 | TR: -324.09 | TF: 128 | LR: 128 | NR: 0 | D: 27.1 s | TD: 925.8 s | BR: 0.13 | ALOSS: -0.51 | CLOSS: 0.01 | TLOSS: 0.27 | TVAL: 0.09 | AENT: 1.01 | BCLOSS: 0.00
| train          | E: 22 | S: 2356 | R: -32.61 | TR: -603.27 | TF: 128 | LR: 128 | NR: 0 | D: 41.5 s | TD: 967.3 s | BR: 0.11 | ALOSS: -0.53 | CLOSS: 0.01 | TLOSS: 0.26 | TVAL: 0.09 | AENT: 1.01 | BCLOSS: 0.00
| train          | E: 23 | S: 2475 | R: -65.55 | TR: -946.34 | TF: 128 | LR: 128 | NR: 0 | D: 38.8 s | TD: 1006.1 s | BR: 0.08 | ALOSS: -0.53 | CLOSS: 0.01 | TLOSS: 0.26 | TVAL: 0.09 | AENT: 1.01 | BCLOSS: 0.00
| train          | E: 24 | S: 2550 | R: -39.95 | TR: -634.94 | TF: 128 | LR: 128 | NR: 0 | D: 24.7 s | TD: 1030.8 s | BR: 0.07 | ALOSS: -0.53 | CLOSS: 0.01 | TLOSS: 0.26 | TVAL: 0.09 | AENT: 1.02 | BCLOSS: 0.00
| train          | E: 25 | S: 2633 | R: 8.35 | TR: -229.82 | TF: 128 | LR: 128 | NR: 0 | D: 27.7 s | TD: 1058.5 s | BR: 0.06 | ALOSS: -0.55 | CLOSS: 0.01 | TLOSS: 0.26 | TVAL: 0.09 | AENT: 1.01 | BCLOSS: 0.00
| train          | E: 26 | S: 2737 | R: -29.67 | TR: -629.45 | TF: 128 | LR: 128 | NR: 0 | D: 34.5 s | TD: 1092.9 s | BR: 0.05 | ALOSS: -0.56 | CLOSS: 0.01 | TLOSS: 0.25 | TVAL: 0.08 | AENT: 1.01 | BCLOSS: 0.00
| train          | E: 27 | S: 2805 | R: -27.14 | TR: -531.62 | TF: 128 | LR: 128 | NR: 0 | D: 22.2 s | TD: 1115.2 s | BR: 0.04 | ALOSS: -0.57 | CLOSS: 0.02 | TLOSS: 0.25 | TVAL: 0.08 | AENT: 1.00 | BCLOSS: 0.00
| train          | E: 28 | S: 2920 | R: 4.34 | TR: -242.14 | TF: 128 | LR: 128 | NR: 0 | D: 37.8 s | TD: 1152.9 s | BR: 0.04 | ALOSS: -0.59 | CLOSS: 0.02 | TLOSS: 0.25 | TVAL: 0.08 | AENT: 0.99 | BCLOSS: 0.00
| train          | E: 29 | S: 3010 | R: -33.67 | TR: -596.67 | TF: 128 | LR: 128 | NR: 0 | D: 29.7 s | TD: 1182.6 s | BR: 0.02 | ALOSS: -0.57 | CLOSS: 0.02 | TLOSS: 0.25 | TVAL: 0.08 | AENT: 0.98 | BCLOSS: 0.00
| train          | E: 30 | S: 3104 | R: -34.20 | TR: -604.97 | TF: 128 | LR: 128 | NR: 0 | D: 30.5 s | TD: 1213.2 s | BR: 0.01 | ALOSS: -0.56 | CLOSS: 0.02 | TLOSS: 0.24 | TVAL: 0.08 | AENT: 0.97 | BCLOSS: 0.00
| train          | E: 31 | S: 3189 | R: -41.34 | TR: -684.85 | TF: 128 | LR: 128 | NR: 0 | D: 28.1 s | TD: 1241.3 s | BR: 0.00 | ALOSS: -0.54 | CLOSS: 0.03 | TLOSS: 0.24 | TVAL: 0.08 | AENT: 0.96 | BCLOSS: 0.00
| train          | E: 32 | S: 3318 | R: -26.27 | TR: -577.16 | TF: 128 | LR: 128 | NR: 0 | D: 42.2 s | TD: 1283.5 s | BR: -0.01 | ALOSS: -0.53 | CLOSS: 0.03 | TLOSS: 0.24 | TVAL: 0.08 | AENT: 0.95 | BCLOSS: 0.00
| train          | E: 33 | S: 3410 | R: -45.46 | TR: -720.70 | TF: 128 | LR: 128 | NR: 0 | D: 29.9 s | TD: 1313.4 s | BR: -0.02 | ALOSS: -0.51 | CLOSS: 0.03 | TLOSS: 0.23 | TVAL: 0.08 | AENT: 0.94 | BCLOSS: 0.00
| train          | E: 34 | S: 3497 | R: -21.47 | TR: -551.50 | TF: 128 | LR: 128 | NR: 0 | D: 28.4 s | TD: 1341.8 s | BR: -0.03 | ALOSS: -0.49 | CLOSS: 0.03 | TLOSS: 0.23 | TVAL: 0.08 | AENT: 0.94 | BCLOSS: 0.00
| train          | E: 35 | S: 3600 | R: -19.18 | TR: -513.44 | TF: 128 | LR: 128 | NR: 0 | D: 33.8 s | TD: 1375.6 s | BR: -0.03 | ALOSS: -0.49 | CLOSS: 0.03 | TLOSS: 0.23 | TVAL: 0.08 | AENT: 0.93 | BCLOSS: 0.00
| train          | E: 36 | S: 3677 | R: -33.60 | TR: -668.89 | TF: 128 | LR: 128 | NR: 0 | D: 25.4 s | TD: 1401.0 s | BR: -0.04 | ALOSS: -0.47 | CLOSS: 0.04 | TLOSS: 0.23 | TVAL: 0.08 | AENT: 0.94 | BCLOSS: 0.00
| train          | E: 37 | S: 3767 | R: 9.06 | TR: -179.06 | TF: 128 | LR: 128 | NR: 0 | D: 29.7 s | TD: 1430.7 s | BR: -0.03 | ALOSS: -0.49 | CLOSS: 0.04 | TLOSS: 0.22 | TVAL: 0.08 | AENT: 0.93 | BCLOSS: 0.00
| train          | E: 38 | S: 3852 | R: -4.71 | TR: -337.04 | TF: 128 | LR: 128 | NR: 0 | D: 27.6 s | TD: 1458.4 s | BR: -0.03 | ALOSS: -0.51 | CLOSS: 0.04 | TLOSS: 0.22 | TVAL: 0.08 | AENT: 0.93 | BCLOSS: 0.00
| train          | E: 39 | S: 3967 | R: -4.69 | TR: -265.22 | TF: 128 | LR: 128 | NR: 0 | D: 37.8 s | TD: 1496.1 s | BR: -0.04 | ALOSS: -0.49 | CLOSS: 0.05 | TLOSS: 0.22 | TVAL: 0.08 | AENT: 0.92 | BCLOSS: 0.00
| train          | E: 40 | S: 4044 | R: -48.96 | TR: -704.60 | TF: 128 | LR: 128 | NR: 0 | D: 25.7 s | TD: 1521.8 s | BR: -0.04 | ALOSS: -0.46 | CLOSS: 0.05 | TLOSS: 0.22 | TVAL: 0.07 | AENT: 0.91 | BCLOSS: 0.00
| train          | E: 41 | S: 4145 | R: -15.29 | TR: -502.62 | TF: 128 | LR: 128 | NR: 0 | D: 33.1 s | TD: 1554.9 s | BR: -0.05 | ALOSS: -0.43 | CLOSS: 0.05 | TLOSS: 0.22 | TVAL: 0.07 | AENT: 0.91 | BCLOSS: 0.00
| train          | E: 42 | S: 4253 | R: -37.09 | TR: -616.86 | TF: 128 | LR: 128 | NR: 0 | D: 35.6 s | TD: 1590.5 s | BR: -0.06 | ALOSS: -0.40 | CLOSS: 0.06 | TLOSS: 0.21 | TVAL: 0.07 | AENT: 0.90 | BCLOSS: 0.00
| train          | E: 43 | S: 4362 | R: -39.94 | TR: -723.22 | TF: 128 | LR: 128 | NR: 0 | D: 36.2 s | TD: 1626.7 s | BR: -0.07 | ALOSS: -0.35 | CLOSS: 0.06 | TLOSS: 0.21 | TVAL: 0.07 | AENT: 0.89 | BCLOSS: 0.00
| train          | E: 44 | S: 4441 | R: -46.82 | TR: -712.10 | TF: 128 | LR: 128 | NR: 0 | D: 25.6 s | TD: 1652.3 s | BR: -0.07 | ALOSS: -0.31 | CLOSS: 0.07 | TLOSS: 0.21 | TVAL: 0.07 | AENT: 0.88 | BCLOSS: 0.00
| train          | E: 45 | S: 4522 | R: 1.71 | TR: -294.44 | TF: 128 | LR: 128 | NR: 0 | D: 26.4 s | TD: 1678.7 s | BR: -0.08 | ALOSS: -0.30 | CLOSS: 0.07 | TLOSS: 0.21 | TVAL: 0.07 | AENT: 0.88 | BCLOSS: 0.00
| train          | E: 46 | S: 4607 | R: 6.83 | TR: -272.24 | TF: 128 | LR: 128 | NR: 0 | D: 28.6 s | TD: 1707.2 s | BR: -0.07 | ALOSS: -0.35 | CLOSS: 0.07 | TLOSS: 0.20 | TVAL: 0.07 | AENT: 0.87 | BCLOSS: 0.00
| train          | E: 47 | S: 4679 | R: -3.11 | TR: -340.51 | TF: 128 | LR: 128 | NR: 0 | D: 23.6 s | TD: 1730.9 s | BR: -0.07 | ALOSS: -0.34 | CLOSS: 0.07 | TLOSS: 0.20 | TVAL: 0.07 | AENT: 0.87 | BCLOSS: 0.00
| train          | E: 48 | S: 4780 | R: -8.37 | TR: -329.06 | TF: 128 | LR: 128 | NR: 0 | D: 33.4 s | TD: 1764.2 s | BR: -0.07 | ALOSS: -0.34 | CLOSS: 0.07 | TLOSS: 0.20 | TVAL: 0.07 | AENT: 0.86 | BCLOSS: 0.00
| train          | E: 49 | S: 4874 | R: -16.08 | TR: -390.24 | TF: 128 | LR: 128 | NR: 0 | D: 30.8 s | TD: 1795.0 s | BR: -0.07 | ALOSS: -0.33 | CLOSS: 0.08 | TLOSS: 0.20 | TVAL: 0.07 | AENT: 0.85 | BCLOSS: 0.00
| train          | E: 50 | S: 4970 | R: -2.09 | TR: -278.28 | TF: 128 | LR: 128 | NR: 0 | D: 31.7 s | TD: 1826.7 s | BR: -0.07 | ALOSS: -0.34 | CLOSS: 0.07 | TLOSS: 0.20 | TVAL: 0.07 | AENT: 0.84 | BCLOSS: 0.00
| train          | E: 51 | S: 5059 | R: -15.64 | TR: -391.67 | TF: 128 | LR: 128 | NR: 0 | D: 29.1 s | TD: 1855.7 s | BR: -0.07 | ALOSS: -0.29 | CLOSS: 0.08 | TLOSS: 0.19 | TVAL: 0.07 | AENT: 0.83 | BCLOSS: 0.00
| train          | E: 52 | S: 5138 | R: -1.39 | TR: -279.64 | TF: 128 | LR: 128 | NR: 0 | D: 25.6 s | TD: 1881.3 s | BR: -0.07 | ALOSS: -0.32 | CLOSS: 0.07 | TLOSS: 0.19 | TVAL: 0.07 | AENT: 0.83 | BCLOSS: 0.00
| train          | E: 53 | S: 5252 | R: 7.62 | TR: -222.75 | TF: 128 | LR: 128 | NR: 0 | D: 37.5 s | TD: 1918.8 s | BR: -0.07 | ALOSS: -0.32 | CLOSS: 0.07 | TLOSS: 0.19 | TVAL: 0.07 | AENT: 0.82 | BCLOSS: 0.00
| train          | E: 54 | S: 5357 | R: -44.87 | TR: -701.83 | TF: 128 | LR: 128 | NR: 0 | D: 34.4 s | TD: 1953.3 s | BR: -0.08 | ALOSS: -0.26 | CLOSS: 0.07 | TLOSS: 0.19 | TVAL: 0.07 | AENT: 0.81 | BCLOSS: 0.00
| train          | E: 55 | S: 5457 | R: -36.56 | TR: -558.14 | TF: 128 | LR: 128 | NR: 0 | D: 32.7 s | TD: 1986.0 s | BR: -0.08 | ALOSS: -0.20 | CLOSS: 0.08 | TLOSS: 0.18 | TVAL: 0.07 | AENT: 0.80 | BCLOSS: 0.00
| train          | E: 56 | S: 5566 | R: -35.73 | TR: -547.50 | TF: 128 | LR: 128 | NR: 0 | D: 36.2 s | TD: 2022.2 s | BR: -0.08 | ALOSS: -0.17 | CLOSS: 0.08 | TLOSS: 0.18 | TVAL: 0.07 | AENT: 0.78 | BCLOSS: 0.00
| train          | E: 57 | S: 5667 | R: -10.58 | TR: -254.71 | TF: 128 | LR: 128 | NR: 0 | D: 33.2 s | TD: 2055.4 s | BR: -0.09 | ALOSS: -0.15 | CLOSS: 0.08 | TLOSS: 0.18 | TVAL: 0.06 | AENT: 0.76 | BCLOSS: 0.00
| train          | E: 58 | S: 5745 | R: -19.76 | TR: -402.52 | TF: 128 | LR: 128 | NR: 0 | D: 25.5 s | TD: 2080.9 s | BR: -0.09 | ALOSS: -0.14 | CLOSS: 0.08 | TLOSS: 0.18 | TVAL: 0.06 | AENT: 0.76 | BCLOSS: 0.00
| train          | E: 59 | S: 5816 | R: 6.08 | TR: -197.42 | TF: 128 | LR: 128 | NR: 0 | D: 23.0 s | TD: 2103.9 s | BR: -0.08 | ALOSS: -0.18 | CLOSS: 0.08 | TLOSS: 0.18 | TVAL: 0.06 | AENT: 0.75 | BCLOSS: 0.00
| train          | E: 60 | S: 5903 | R: 17.44 | TR: -92.10 | TF: 128 | LR: 128 | NR: 0 | D: 28.4 s | TD: 2132.3 s | BR: -0.08 | ALOSS: -0.18 | CLOSS: 0.08 | TLOSS: 0.17 | TVAL: 0.06 | AENT: 0.76 | BCLOSS: 0.00
| train          | E: 61 | S: 6011 | R: 8.68 | TR: -222.26 | TF: 128 | LR: 128 | NR: 0 | D: 35.5 s | TD: 2167.9 s | BR: -0.08 | ALOSS: -0.18 | CLOSS: 0.07 | TLOSS: 0.17 | TVAL: 0.06 | AENT: 0.73 | BCLOSS: 0.00
| train          | E: 62 | S: 6077 | R: 0.84 | TR: -203.58 | TF: 128 | LR: 128 | NR: 0 | D: 21.4 s | TD: 2189.2 s | BR: -0.08 | ALOSS: -0.18 | CLOSS: 0.08 | TLOSS: 0.17 | TVAL: 0.06 | AENT: 0.72 | BCLOSS: 0.00
| train          | E: 63 | S: 6194 | R: 16.59 | TR: -90.39 | TF: 128 | LR: 128 | NR: 0 | D: 38.1 s | TD: 2227.4 s | BR: -0.07 | ALOSS: -0.20 | CLOSS: 0.07 | TLOSS: 0.17 | TVAL: 0.06 | AENT: 0.72 | BCLOSS: 0.00
| train          | E: 64 | S: 6268 | R: -22.71 | TR: -335.96 | TF: 128 | LR: 128 | NR: 0 | D: 24.0 s | TD: 2251.4 s | BR: -0.08 | ALOSS: -0.17 | CLOSS: 0.07 | TLOSS: 0.17 | TVAL: 0.06 | AENT: 0.72 | BCLOSS: 0.00
| train          | E: 65 | S: 6378 | R: 8.39 | TR: -174.42 | TF: 128 | LR: 128 | NR: 0 | D: 36.0 s | TD: 2287.5 s | BR: -0.07 | ALOSS: -0.20 | CLOSS: 0.07 | TLOSS: 0.16 | TVAL: 0.06 | AENT: 0.70 | BCLOSS: 0.00
| train          | E: 66 | S: 6473 | R: -32.64 | TR: -472.45 | TF: 128 | LR: 128 | NR: 0 | D: 31.0 s | TD: 2318.5 s | BR: -0.08 | ALOSS: -0.16 | CLOSS: 0.06 | TLOSS: 0.16 | TVAL: 0.06 | AENT: 0.70 | BCLOSS: 0.00
| train          | E: 67 | S: 6574 | R: 1.11 | TR: 32.25 | TF: 128 | LR: 128 | NR: 0 | D: 33.0 s | TD: 2351.5 s | BR: -0.08 | ALOSS: -0.14 | CLOSS: 0.07 | TLOSS: 0.16 | TVAL: 0.06 | AENT: 0.68 | BCLOSS: 0.00
| train          | E: 68 | S: 6712 | R: -6.57 | TR: -271.73 | TF: 128 | LR: 128 | NR: 0 | D: 45.1 s | TD: 2396.6 s | BR: -0.08 | ALOSS: -0.15 | CLOSS: 0.07 | TLOSS: 0.16 | TVAL: 0.06 | AENT: 0.67 | BCLOSS: 0.00
| train          | E: 69 | S: 6821 | R: -27.35 | TR: -279.25 | TF: 128 | LR: 128 | NR: 0 | D: 31.4 s | TD: 2428.0 s | BR: -0.08 | ALOSS: -0.14 | CLOSS: 0.07 | TLOSS: 0.16 | TVAL: 0.06 | AENT: 0.66 | BCLOSS: 0.00
| train          | E: 70 | S: 6924 | R: 2.79 | TR: -208.99 | TF: 128 | LR: 128 | NR: 0 | D: 34.0 s | TD: 2462.0 s | BR: -0.08 | ALOSS: -0.12 | CLOSS: 0.07 | TLOSS: 0.15 | TVAL: 0.06 | AENT: 0.63 | BCLOSS: 0.00
Reward function is updated!! ACC: 0.9700520833333334
| train          | E: 71 | S: 7021 | R: 0.17 | TR: -191.54 | TF: 128 | LR: 128 | NR: 0 | D: 249.0 s | TD: 2711.0 s | BR: -0.02 | ALOSS: -0.17 | CLOSS: 0.10 | TLOSS: 0.14 | TVAL: 0.06 | AENT: 0.41 | BCLOSS: 0.00
| train          | E: 72 | S: 7091 | R: 34.78 | TR: -120.48 | TF: 256 | LR: 256 | NR: 0 | D: 23.3 s | TD: 2734.3 s | BR: 0.17 | ALOSS: -0.52 | CLOSS: 0.09 | TLOSS: 0.08 | TVAL: 0.06 | AENT: -0.66 | BCLOSS: 0.00
| train          | E: 73 | S: 7199 | R: 17.72 | TR: 21.81 | TF: 256 | LR: 256 | NR: 0 | D: 35.3 s | TD: 2769.6 s | BR: 0.17 | ALOSS: -0.64 | CLOSS: 0.08 | TLOSS: 0.08 | TVAL: 0.06 | AENT: -0.57 | BCLOSS: 0.00
| train          | E: 74 | S: 7515 | R: 6.63 | TR: -409.07 | TF: 256 | LR: 256 | NR: 0 | D: 103.9 s | TD: 2873.4 s | BR: 0.17 | ALOSS: -0.81 | CLOSS: 0.08 | TLOSS: 0.08 | TVAL: 0.06 | AENT: -0.56 | BCLOSS: 0.00
| train          | E: 75 | S: 7591 | R: 51.88 | TR: -421.96 | TF: 256 | LR: 256 | NR: 0 | D: 24.9 s | TD: 2898.3 s | BR: 0.17 | ALOSS: -0.94 | CLOSS: 0.07 | TLOSS: 0.08 | TVAL: 0.06 | AENT: -0.55 | BCLOSS: 0.00
| train          | E: 76 | S: 7673 | R: 20.98 | TR: -187.56 | TF: 256 | LR: 256 | NR: 0 | D: 26.8 s | TD: 2925.1 s | BR: 0.17 | ALOSS: -1.06 | CLOSS: 0.08 | TLOSS: 0.08 | TVAL: 0.06 | AENT: -0.51 | BCLOSS: 0.00
| train          | E: 77 | S: 7766 | R: -0.17 | TR: -299.55 | TF: 256 | LR: 256 | NR: 0 | D: 30.6 s | TD: 2955.8 s | BR: 0.17 | ALOSS: -1.13 | CLOSS: 0.08 | TLOSS: 0.08 | TVAL: 0.06 | AENT: -0.50 | BCLOSS: 0.00
| train          | E: 78 | S: 7840 | R: 15.87 | TR: -155.08 | TF: 256 | LR: 256 | NR: 0 | D: 24.5 s | TD: 2980.3 s | BR: 0.17 | ALOSS: -1.21 | CLOSS: 0.09 | TLOSS: 0.08 | TVAL: 0.05 | AENT: -0.48 | BCLOSS: 0.00
| train          | E: 79 | S: 7913 | R: 20.39 | TR: 41.88 | TF: 256 | LR: 256 | NR: 0 | D: 24.1 s | TD: 3004.3 s | BR: 0.17 | ALOSS: -1.29 | CLOSS: 0.09 | TLOSS: 0.08 | TVAL: 0.05 | AENT: -0.48 | BCLOSS: 0.00
| train          | E: 80 | S: 7989 | R: 15.68 | TR: -214.96 | TF: 256 | LR: 256 | NR: 0 | D: 24.6 s | TD: 3029.0 s | BR: 0.17 | ALOSS: -1.38 | CLOSS: 0.10 | TLOSS: 0.08 | TVAL: 0.05 | AENT: -0.49 | BCLOSS: 0.00
| train          | E: 81 | S: 8080 | R: 25.93 | TR: -132.04 | TF: 256 | LR: 256 | NR: 0 | D: 29.2 s | TD: 3058.2 s | BR: 0.17 | ALOSS: -1.46 | CLOSS: 0.09 | TLOSS: 0.08 | TVAL: 0.05 | AENT: -0.49 | BCLOSS: 0.00
| train          | E: 82 | S: 8151 | R: 17.84 | TR: -175.13 | TF: 256 | LR: 256 | NR: 0 | D: 23.1 s | TD: 3081.3 s | BR: 0.17 | ALOSS: -1.53 | CLOSS: 0.15 | TLOSS: 0.08 | TVAL: 0.05 | AENT: -0.45 | BCLOSS: 0.00
| train          | E: 83 | S: 8229 | R: 20.35 | TR: -186.56 | TF: 256 | LR: 256 | NR: 0 | D: 25.4 s | TD: 3106.7 s | BR: 0.17 | ALOSS: -1.61 | CLOSS: 0.12 | TLOSS: 0.08 | TVAL: 0.05 | AENT: -0.48 | BCLOSS: 0.00
| train          | E: 84 | S: 8318 | R: 15.80 | TR: -208.26 | TF: 256 | LR: 256 | NR: 0 | D: 29.1 s | TD: 3135.8 s | BR: 0.17 | ALOSS: -1.71 | CLOSS: 0.11 | TLOSS: 0.08 | TVAL: 0.05 | AENT: -0.48 | BCLOSS: 0.00
| train          | E: 85 | S: 8374 | R: 15.53 | TR: -212.54 | TF: 256 | LR: 256 | NR: 0 | D: 18.4 s | TD: 3154.1 s | BR: 0.17 | ALOSS: -1.78 | CLOSS: 0.12 | TLOSS: 0.08 | TVAL: 0.05 | AENT: -0.46 | BCLOSS: 0.00
| train          | E: 86 | S: 8445 | R: 17.44 | TR: -148.77 | TF: 256 | LR: 256 | NR: 0 | D: 22.9 s | TD: 3177.1 s | BR: 0.17 | ALOSS: -1.80 | CLOSS: 0.11 | TLOSS: 0.08 | TVAL: 0.05 | AENT: -0.45 | BCLOSS: 0.00
| train          | E: 87 | S: 8535 | R: 20.44 | TR: 16.29 | TF: 256 | LR: 256 | NR: 0 | D: 29.3 s | TD: 3206.3 s | BR: 0.17 | ALOSS: -1.90 | CLOSS: 0.09 | TLOSS: 0.08 | TVAL: 0.05 | AENT: -0.47 | BCLOSS: 0.00
| train          | E: 88 | S: 8634 | R: 22.49 | TR: -70.12 | TF: 256 | LR: 256 | NR: 0 | D: 32.3 s | TD: 3238.6 s | BR: 0.17 | ALOSS: -2.03 | CLOSS: 0.10 | TLOSS: 0.08 | TVAL: 0.05 | AENT: -0.44 | BCLOSS: 0.00
| train          | E: 89 | S: 8699 | R: 10.89 | TR: -216.68 | TF: 256 | LR: 256 | NR: 0 | D: 21.4 s | TD: 3260.0 s | BR: 0.18 | ALOSS: -2.05 | CLOSS: 0.09 | TLOSS: 0.08 | TVAL: 0.05 | AENT: -0.43 | BCLOSS: 0.00
| train          | E: 90 | S: 8787 | R: 19.12 | TR: -145.33 | TF: 256 | LR: 256 | NR: 0 | D: 29.0 s | TD: 3289.0 s | BR: 0.18 | ALOSS: -2.16 | CLOSS: 0.09 | TLOSS: 0.08 | TVAL: 0.05 | AENT: -0.46 | BCLOSS: 0.00
| train          | E: 91 | S: 8854 | R: 21.93 | TR: -182.33 | TF: 256 | LR: 256 | NR: 0 | D: 21.9 s | TD: 3310.9 s | BR: 0.18 | ALOSS: -2.19 | CLOSS: 0.08 | TLOSS: 0.08 | TVAL: 0.05 | AENT: -0.43 | BCLOSS: 0.00
| train          | E: 92 | S: 8913 | R: 18.87 | TR: -202.73 | TF: 256 | LR: 256 | NR: 0 | D: 19.1 s | TD: 3330.0 s | BR: 0.18 | ALOSS: -2.29 | CLOSS: 0.08 | TLOSS: 0.08 | TVAL: 0.05 | AENT: -0.45 | BCLOSS: 0.00
| train          | E: 93 | S: 9016 | R: 18.87 | TR: -164.77 | TF: 256 | LR: 256 | NR: 0 | D: 33.4 s | TD: 3363.4 s | BR: 0.18 | ALOSS: -2.37 | CLOSS: 0.08 | TLOSS: 0.08 | TVAL: 0.05 | AENT: -0.43 | BCLOSS: 0.00
| train          | E: 94 | S: 9077 | R: 40.08 | TR: -101.82 | TF: 256 | LR: 256 | NR: 0 | D: 19.8 s | TD: 3383.1 s | BR: 0.18 | ALOSS: -2.46 | CLOSS: 0.08 | TLOSS: 0.08 | TVAL: 0.05 | AENT: -0.43 | BCLOSS: 0.00
| train          | E: 95 | S: 9170 | R: 19.81 | TR: -162.38 | TF: 256 | LR: 256 | NR: 0 | D: 30.5 s | TD: 3413.7 s | BR: 0.19 | ALOSS: -2.51 | CLOSS: 0.08 | TLOSS: 0.08 | TVAL: 0.05 | AENT: -0.43 | BCLOSS: 0.00
| train          | E: 96 | S: 9254 | R: 7.76 | TR: -326.43 | TF: 256 | LR: 256 | NR: 0 | D: 27.2 s | TD: 3440.9 s | BR: 0.18 | ALOSS: -2.58 | CLOSS: 0.08 | TLOSS: 0.08 | TVAL: 0.05 | AENT: -0.43 | BCLOSS: 0.00
| train          | E: 97 | S: 9349 | R: 26.91 | TR: -164.70 | TF: 256 | LR: 256 | NR: 0 | D: 31.1 s | TD: 3472.0 s | BR: 0.18 | ALOSS: -2.68 | CLOSS: 0.07 | TLOSS: 0.08 | TVAL: 0.05 | AENT: -0.45 | BCLOSS: 0.00
| train          | E: 98 | S: 9448 | R: 29.27 | TR: -144.88 | TF: 256 | LR: 256 | NR: 0 | D: 32.8 s | TD: 3504.8 s | BR: 0.18 | ALOSS: -2.78 | CLOSS: 0.07 | TLOSS: 0.08 | TVAL: 0.05 | AENT: -0.44 | BCLOSS: 0.00
| train          | E: 99 | S: 9542 | R: 2.37 | TR: -258.26 | TF: 256 | LR: 256 | NR: 0 | D: 31.1 s | TD: 3535.9 s | BR: 0.18 | ALOSS: -2.87 | CLOSS: 0.07 | TLOSS: 0.08 | TVAL: 0.05 | AENT: -0.43 | BCLOSS: 0.00
| train          | E: 100 | S: 9606 | R: 33.55 | TR: -93.27 | TF: 256 | LR: 256 | NR: 0 | D: 21.0 s | TD: 3556.9 s | BR: 0.18 | ALOSS: -2.90 | CLOSS: 0.06 | TLOSS: 0.07 | TVAL: 0.05 | AENT: -0.45 | BCLOSS: 0.00
| train          | E: 101 | S: 9690 | R: 17.83 | TR: -201.10 | TF: 256 | LR: 256 | NR: 0 | D: 27.7 s | TD: 3584.6 s | BR: 0.18 | ALOSS: -2.98 | CLOSS: 0.07 | TLOSS: 0.07 | TVAL: 0.05 | AENT: -0.44 | BCLOSS: 0.00
| train          | E: 102 | S: 9765 | R: 25.99 | TR: -116.35 | TF: 256 | LR: 256 | NR: 0 | D: 24.9 s | TD: 3609.5 s | BR: 0.18 | ALOSS: -3.06 | CLOSS: 0.07 | TLOSS: 0.07 | TVAL: 0.05 | AENT: -0.44 | BCLOSS: 0.00
| train          | E: 103 | S: 9864 | R: 21.30 | TR: -108.32 | TF: 256 | LR: 256 | NR: 0 | D: 32.5 s | TD: 3642.0 s | BR: 0.19 | ALOSS: -3.15 | CLOSS: 0.07 | TLOSS: 0.07 | TVAL: 0.05 | AENT: -0.42 | BCLOSS: 0.00
| train          | E: 104 | S: 9935 | R: 34.90 | TR: -75.03 | TF: 256 | LR: 256 | NR: 0 | D: 23.1 s | TD: 3665.1 s | BR: 0.19 | ALOSS: -3.21 | CLOSS: 0.06 | TLOSS: 0.07 | TVAL: 0.05 | AENT: -0.42 | BCLOSS: 0.00
| train          | E: 105 | S: 9999 | R: 18.85 | TR: -237.17 | TF: 256 | LR: 256 | NR: 0 | D: 21.0 s | TD: 3686.1 s | BR: 0.19 | ALOSS: -3.28 | CLOSS: 0.07 | TLOSS: 0.07 | TVAL: 0.05 | AENT: -0.42 | BCLOSS: 0.00
| train          | E: 106 | S: 10057 | R: 20.17 | TR: -134.97 | TF: 256 | LR: 256 | NR: 0 | D: 19.2 s | TD: 3705.3 s | BR: 0.19 | ALOSS: -3.28 | CLOSS: 0.07 | TLOSS: 0.07 | TVAL: 0.05 | AENT: -0.41 | BCLOSS: 0.00
| train          | E: 107 | S: 10146 | R: 18.81 | TR: -180.12 | TF: 256 | LR: 256 | NR: 0 | D: 29.4 s | TD: 3734.8 s | BR: 0.19 | ALOSS: -3.35 | CLOSS: 0.07 | TLOSS: 0.07 | TVAL: 0.05 | AENT: -0.41 | BCLOSS: 0.00
| train          | E: 108 | S: 10204 | R: 25.81 | TR: 11.89 | TF: 256 | LR: 256 | NR: 0 | D: 19.3 s | TD: 3754.0 s | BR: 0.19 | ALOSS: -3.43 | CLOSS: 0.06 | TLOSS: 0.07 | TVAL: 0.05 | AENT: -0.42 | BCLOSS: 0.00
| train          | E: 109 | S: 10289 | R: 20.46 | TR: -108.05 | TF: 256 | LR: 256 | NR: 0 | D: 27.8 s | TD: 3781.9 s | BR: 0.19 | ALOSS: -3.50 | CLOSS: 0.07 | TLOSS: 0.07 | TVAL: 0.05 | AENT: -0.43 | BCLOSS: 0.00
| train          | E: 110 | S: 10380 | R: 26.29 | TR: -88.48 | TF: 256 | LR: 256 | NR: 0 | D: 29.8 s | TD: 3811.7 s | BR: 0.19 | ALOSS: -3.57 | CLOSS: 0.06 | TLOSS: 0.07 | TVAL: 0.05 | AENT: -0.44 | BCLOSS: 0.00
| train          | E: 111 | S: 10483 | R: 9.97 | TR: -344.36 | TF: 256 | LR: 256 | NR: 0 | D: 33.7 s | TD: 3845.5 s | BR: 0.19 | ALOSS: -3.60 | CLOSS: 0.07 | TLOSS: 0.07 | TVAL: 0.04 | AENT: -0.44 | BCLOSS: 0.00
| train          | E: 112 | S: 10554 | R: 20.35 | TR: -45.69 | TF: 256 | LR: 256 | NR: 0 | D: 23.4 s | TD: 3868.8 s | BR: 0.19 | ALOSS: -3.67 | CLOSS: 0.07 | TLOSS: 0.07 | TVAL: 0.04 | AENT: -0.44 | BCLOSS: 0.00
| train          | E: 113 | S: 10628 | R: 21.86 | TR: -82.80 | TF: 256 | LR: 256 | NR: 0 | D: 24.3 s | TD: 3893.1 s | BR: 0.19 | ALOSS: -3.73 | CLOSS: 0.08 | TLOSS: 0.07 | TVAL: 0.04 | AENT: -0.43 | BCLOSS: 0.00
| train          | E: 114 | S: 10716 | R: 20.35 | TR: -190.86 | TF: 256 | LR: 256 | NR: 0 | D: 28.7 s | TD: 3921.8 s | BR: 0.20 | ALOSS: -3.85 | CLOSS: 0.07 | TLOSS: 0.07 | TVAL: 0.04 | AENT: -0.43 | BCLOSS: 0.00
| train          | E: 115 | S: 10801 | R: 32.47 | TR: -70.48 | TF: 256 | LR: 256 | NR: 0 | D: 28.2 s | TD: 3950.0 s | BR: 0.20 | ALOSS: -3.88 | CLOSS: 0.07 | TLOSS: 0.07 | TVAL: 0.04 | AENT: -0.44 | BCLOSS: 0.00
| train          | E: 116 | S: 10881 | R: 26.70 | TR: -99.44 | TF: 256 | LR: 256 | NR: 0 | D: 26.1 s | TD: 3976.1 s | BR: 0.20 | ALOSS: -3.96 | CLOSS: 0.07 | TLOSS: 0.07 | TVAL: 0.04 | AENT: -0.44 | BCLOSS: 0.00
| train          | E: 117 | S: 10968 | R: 22.44 | TR: -124.83 | TF: 256 | LR: 256 | NR: 0 | D: 28.5 s | TD: 4004.6 s | BR: 0.19 | ALOSS: -4.01 | CLOSS: 0.07 | TLOSS: 0.07 | TVAL: 0.04 | AENT: -0.45 | BCLOSS: 0.00
| train          | E: 118 | S: 11038 | R: 15.84 | TR: -226.22 | TF: 256 | LR: 256 | NR: 0 | D: 23.1 s | TD: 4027.7 s | BR: 0.20 | ALOSS: -4.06 | CLOSS: 0.07 | TLOSS: 0.07 | TVAL: 0.04 | AENT: -0.46 | BCLOSS: 0.00
| train          | E: 119 | S: 11096 | R: 6.81 | TR: -277.95 | TF: 256 | LR: 256 | NR: 0 | D: 18.9 s | TD: 4046.6 s | BR: 0.19 | ALOSS: -4.10 | CLOSS: 0.07 | TLOSS: 0.07 | TVAL: 0.04 | AENT: -0.46 | BCLOSS: 0.00
| train          | E: 120 | S: 11198 | R: 19.09 | TR: -132.89 | TF: 256 | LR: 256 | NR: 0 | D: 31.9 s | TD: 4078.5 s | BR: 0.20 | ALOSS: -4.13 | CLOSS: 0.07 | TLOSS: 0.07 | TVAL: 0.04 | AENT: -0.45 | BCLOSS: 0.00
| train          | E: 121 | S: 11302 | R: 25.67 | TR: 22.83 | TF: 256 | LR: 256 | NR: 0 | D: 31.5 s | TD: 4110.1 s | BR: 0.20 | ALOSS: -4.25 | CLOSS: 0.07 | TLOSS: 0.06 | TVAL: 0.04 | AENT: -0.44 | BCLOSS: 0.00
| train          | E: 122 | S: 11382 | R: 34.26 | TR: -92.09 | TF: 256 | LR: 256 | NR: 0 | D: 26.2 s | TD: 4136.3 s | BR: 0.20 | ALOSS: -4.29 | CLOSS: 0.08 | TLOSS: 0.06 | TVAL: 0.04 | AENT: -0.45 | BCLOSS: 0.00
| train          | E: 123 | S: 11487 | R: 20.32 | TR: -213.11 | TF: 256 | LR: 256 | NR: 0 | D: 34.4 s | TD: 4170.7 s | BR: 0.20 | ALOSS: -4.39 | CLOSS: 0.07 | TLOSS: 0.06 | TVAL: 0.04 | AENT: -0.43 | BCLOSS: 0.00
| train          | E: 124 | S: 11610 | R: 5.19 | TR: -323.13 | TF: 256 | LR: 256 | NR: 0 | D: 40.4 s | TD: 4211.1 s | BR: 0.20 | ALOSS: -4.45 | CLOSS: 0.07 | TLOSS: 0.06 | TVAL: 0.04 | AENT: -0.45 | BCLOSS: 0.00
| train          | E: 125 | S: 11673 | R: 51.51 | TR: -33.65 | TF: 256 | LR: 256 | NR: 0 | D: 20.6 s | TD: 4231.7 s | BR: 0.20 | ALOSS: -4.50 | CLOSS: 0.08 | TLOSS: 0.06 | TVAL: 0.04 | AENT: -0.46 | BCLOSS: 0.00
| train          | E: 126 | S: 11758 | R: 19.79 | TR: -95.75 | TF: 256 | LR: 256 | NR: 0 | D: 27.9 s | TD: 4259.6 s | BR: 0.20 | ALOSS: -4.55 | CLOSS: 0.08 | TLOSS: 0.06 | TVAL: 0.04 | AENT: -0.47 | BCLOSS: 0.00
| train          | E: 127 | S: 11838 | R: 29.19 | TR: -61.90 | TF: 256 | LR: 256 | NR: 0 | D: 26.7 s | TD: 4286.4 s | BR: 0.20 | ALOSS: -4.63 | CLOSS: 0.07 | TLOSS: 0.06 | TVAL: 0.04 | AENT: -0.45 | BCLOSS: 0.00
| train          | E: 128 | S: 11911 | R: 24.94 | TR: -74.69 | TF: 256 | LR: 256 | NR: 0 | D: 23.8 s | TD: 4310.2 s | BR: 0.20 | ALOSS: -4.69 | CLOSS: 0.08 | TLOSS: 0.06 | TVAL: 0.04 | AENT: -0.46 | BCLOSS: 0.00
| train          | E: 129 | S: 11985 | R: 20.32 | TR: -146.93 | TF: 256 | LR: 256 | NR: 0 | D: 24.7 s | TD: 4334.8 s | BR: 0.20 | ALOSS: -4.73 | CLOSS: 0.07 | TLOSS: 0.06 | TVAL: 0.04 | AENT: -0.46 | BCLOSS: 0.00
Reward function is updated!! ACC: 0.9730902777777777
| train          | E: 130 | S: 12062 | R: 20.47 | TR: -204.97 | TF: 256 | LR: 256 | NR: 0 | D: 481.3 s | TD: 4816.1 s | BR: -0.06 | ALOSS: -4.41 | CLOSS: 0.13 | TLOSS: 0.07 | TVAL: 0.04 | AENT: -0.14 | BCLOSS: 0.00
| train          | E: 131 | S: 12224 | R: -2.26 | TR: -96.68 | TF: 384 | LR: 384 | NR: 0 | D: 53.5 s | TD: 4869.6 s | BR: -0.12 | ALOSS: -4.36 | CLOSS: 0.08 | TLOSS: 0.08 | TVAL: 0.04 | AENT: 0.02 | BCLOSS: 0.00
| train          | E: 132 | S: 12322 | R: -23.38 | TR: -59.75 | TF: 384 | LR: 384 | NR: 0 | D: 32.1 s | TD: 4901.7 s | BR: -0.12 | ALOSS: -4.37 | CLOSS: 0.07 | TLOSS: 0.07 | TVAL: 0.04 | AENT: -0.04 | BCLOSS: 0.00
| train          | E: 133 | S: 12434 | R: -14.68 | TR: -123.08 | TF: 384 | LR: 384 | NR: 0 | D: 36.8 s | TD: 4938.5 s | BR: -0.12 | ALOSS: -4.36 | CLOSS: 0.07 | TLOSS: 0.07 | TVAL: 0.04 | AENT: -0.05 | BCLOSS: 0.00
| train          | E: 134 | S: 12502 | R: -9.76 | TR: -55.00 | TF: 384 | LR: 384 | NR: 0 | D: 22.6 s | TD: 4961.1 s | BR: -0.12 | ALOSS: -4.38 | CLOSS: 0.07 | TLOSS: 0.07 | TVAL: 0.04 | AENT: -0.09 | BCLOSS: 0.00
| train          | E: 135 | S: 12597 | R: -11.39 | TR: -117.28 | TF: 384 | LR: 384 | NR: 0 | D: 31.1 s | TD: 4992.2 s | BR: -0.12 | ALOSS: -4.36 | CLOSS: 0.06 | TLOSS: 0.07 | TVAL: 0.04 | AENT: -0.10 | BCLOSS: 0.00
| train          | E: 136 | S: 12680 | R: -10.66 | TR: -70.22 | TF: 384 | LR: 384 | NR: 0 | D: 27.2 s | TD: 5019.4 s | BR: -0.12 | ALOSS: -4.35 | CLOSS: 0.07 | TLOSS: 0.07 | TVAL: 0.04 | AENT: -0.12 | BCLOSS: 0.00
| train          | E: 137 | S: 12787 | R: -12.13 | TR: -80.19 | TF: 384 | LR: 384 | NR: 0 | D: 34.4 s | TD: 5053.9 s | BR: -0.12 | ALOSS: -4.34 | CLOSS: 0.06 | TLOSS: 0.07 | TVAL: 0.04 | AENT: -0.14 | BCLOSS: 0.00
| train          | E: 138 | S: 12881 | R: -11.38 | TR: -10.90 | TF: 384 | LR: 384 | NR: 0 | D: 31.0 s | TD: 5084.8 s | BR: -0.12 | ALOSS: -4.34 | CLOSS: 0.07 | TLOSS: 0.07 | TVAL: 0.04 | AENT: -0.16 | BCLOSS: 0.00
| train          | E: 139 | S: 12971 | R: -10.32 | TR: -74.27 | TF: 384 | LR: 384 | NR: 0 | D: 29.3 s | TD: 5114.2 s | BR: -0.12 | ALOSS: -4.34 | CLOSS: 0.06 | TLOSS: 0.07 | TVAL: 0.04 | AENT: -0.15 | BCLOSS: 0.00
| train          | E: 140 | S: 13069 | R: -11.71 | TR: -128.75 | TF: 384 | LR: 384 | NR: 0 | D: 32.4 s | TD: 5146.6 s | BR: -0.12 | ALOSS: -4.34 | CLOSS: 0.06 | TLOSS: 0.06 | TVAL: 0.04 | AENT: -0.17 | BCLOSS: 0.00
| train          | E: 141 | S: 13150 | R: -9.28 | TR: -55.30 | TF: 384 | LR: 384 | NR: 0 | D: 26.7 s | TD: 5173.3 s | BR: -0.12 | ALOSS: -4.34 | CLOSS: 0.06 | TLOSS: 0.06 | TVAL: 0.03 | AENT: -0.17 | BCLOSS: 0.00
| train          | E: 142 | S: 13243 | R: -11.85 | TR: -129.91 | TF: 384 | LR: 384 | NR: 0 | D: 30.5 s | TD: 5203.8 s | BR: -0.12 | ALOSS: -4.31 | CLOSS: 0.06 | TLOSS: 0.06 | TVAL: 0.03 | AENT: -0.19 | BCLOSS: 0.00
| train          | E: 143 | S: 13330 | R: -10.80 | TR: 32.62 | TF: 384 | LR: 384 | NR: 0 | D: 28.3 s | TD: 5232.1 s | BR: -0.12 | ALOSS: -4.29 | CLOSS: 0.06 | TLOSS: 0.06 | TVAL: 0.03 | AENT: -0.18 | BCLOSS: 0.00
| train          | E: 144 | S: 13461 | R: -15.01 | TR: -183.90 | TF: 384 | LR: 384 | NR: 0 | D: 42.6 s | TD: 5274.7 s | BR: -0.12 | ALOSS: -4.29 | CLOSS: 0.06 | TLOSS: 0.06 | TVAL: 0.03 | AENT: -0.19 | BCLOSS: 0.00
| train          | E: 145 | S: 13567 | R: -7.63 | TR: -103.67 | TF: 384 | LR: 384 | NR: 0 | D: 34.7 s | TD: 5309.5 s | BR: -0.12 | ALOSS: -4.29 | CLOSS: 0.06 | TLOSS: 0.06 | TVAL: 0.03 | AENT: -0.20 | BCLOSS: 0.00
| train          | E: 146 | S: 13723 | R: -0.09 | TR: -256.61 | TF: 384 | LR: 384 | NR: 0 | D: 50.9 s | TD: 5360.3 s | BR: -0.12 | ALOSS: -4.26 | CLOSS: 0.06 | TLOSS: 0.06 | TVAL: 0.03 | AENT: -0.20 | BCLOSS: 0.00
| train          | E: 147 | S: 13831 | R: 9.59 | TR: -73.35 | TF: 384 | LR: 384 | NR: 0 | D: 35.3 s | TD: 5395.7 s | BR: -0.12 | ALOSS: -4.25 | CLOSS: 0.07 | TLOSS: 0.06 | TVAL: 0.03 | AENT: -0.21 | BCLOSS: 0.00
| train          | E: 148 | S: 13940 | R: -8.02 | TR: -33.15 | TF: 384 | LR: 384 | NR: 0 | D: 36.0 s | TD: 5431.7 s | BR: -0.12 | ALOSS: -4.21 | CLOSS: 0.06 | TLOSS: 0.06 | TVAL: 0.03 | AENT: -0.20 | BCLOSS: 0.00
| train          | E: 149 | S: 14026 | R: -6.01 | TR: -1.05 | TF: 384 | LR: 384 | NR: 0 | D: 28.6 s | TD: 5460.3 s | BR: -0.12 | ALOSS: -4.21 | CLOSS: 0.07 | TLOSS: 0.06 | TVAL: 0.03 | AENT: -0.21 | BCLOSS: 0.00
| train          | E: 150 | S: 14101 | R: -13.54 | TR: -132.40 | TF: 384 | LR: 384 | NR: 0 | D: 24.7 s | TD: 5484.9 s | BR: -0.12 | ALOSS: -4.20 | CLOSS: 0.07 | TLOSS: 0.06 | TVAL: 0.03 | AENT: -0.21 | BCLOSS: 0.00
| train          | E: 151 | S: 14196 | R: -12.37 | TR: -134.28 | TF: 384 | LR: 384 | NR: 0 | D: 31.1 s | TD: 5516.0 s | BR: -0.12 | ALOSS: -4.19 | CLOSS: 0.07 | TLOSS: 0.06 | TVAL: 0.03 | AENT: -0.21 | BCLOSS: 0.00
| train          | E: 152 | S: 14292 | R: -17.75 | TR: -152.67 | TF: 384 | LR: 384 | NR: 0 | D: 31.6 s | TD: 5547.6 s | BR: -0.12 | ALOSS: -4.18 | CLOSS: 0.07 | TLOSS: 0.06 | TVAL: 0.03 | AENT: -0.23 | BCLOSS: 0.00
| train          | E: 153 | S: 14400 | R: 0.00 | TR: -250.42 | TF: 384 | LR: 384 | NR: 0 | D: 35.5 s | TD: 5583.1 s | BR: -0.12 | ALOSS: -4.16 | CLOSS: 0.07 | TLOSS: 0.06 | TVAL: 0.03 | AENT: -0.22 | BCLOSS: 0.00
| train          | E: 154 | S: 14508 | R: -16.52 | TR: -125.13 | TF: 384 | LR: 384 | NR: 0 | D: 35.4 s | TD: 5618.5 s | BR: -0.12 | ALOSS: -4.15 | CLOSS: 0.07 | TLOSS: 0.05 | TVAL: 0.03 | AENT: -0.23 | BCLOSS: 0.00
| train          | E: 155 | S: 14656 | R: -13.22 | TR: -133.34 | TF: 384 | LR: 384 | NR: 0 | D: 48.6 s | TD: 5667.1 s | BR: -0.12 | ALOSS: -4.13 | CLOSS: 0.07 | TLOSS: 0.05 | TVAL: 0.03 | AENT: -0.22 | BCLOSS: 0.00
| train          | E: 156 | S: 14797 | R: 0.81 | TR: -12.22 | TF: 384 | LR: 384 | NR: 0 | D: 46.5 s | TD: 5713.5 s | BR: -0.11 | ALOSS: -4.10 | CLOSS: 0.08 | TLOSS: 0.05 | TVAL: 0.03 | AENT: -0.24 | BCLOSS: 0.00
| train          | E: 157 | S: 14922 | R: -4.64 | TR: -32.50 | TF: 384 | LR: 384 | NR: 0 | D: 39.0 s | TD: 5752.5 s | BR: -0.12 | ALOSS: -4.10 | CLOSS: 0.09 | TLOSS: 0.05 | TVAL: 0.03 | AENT: -0.24 | BCLOSS: 0.00
| train          | E: 158 | S: 15023 | R: -4.69 | TR: -28.33 | TF: 384 | LR: 384 | NR: 0 | D: 28.6 s | TD: 5781.1 s | BR: -0.11 | ALOSS: -4.08 | CLOSS: 0.10 | TLOSS: 0.05 | TVAL: 0.03 | AENT: -0.26 | BCLOSS: 0.00
| train          | E: 159 | S: 15139 | R: -10.54 | TR: -161.78 | TF: 384 | LR: 384 | NR: 0 | D: 33.2 s | TD: 5814.3 s | BR: -0.11 | ALOSS: -4.07 | CLOSS: 0.09 | TLOSS: 0.05 | TVAL: 0.03 | AENT: -0.27 | BCLOSS: 0.00
| train          | E: 160 | S: 15285 | R: -3.85 | TR: -178.46 | TF: 384 | LR: 384 | NR: 0 | D: 48.3 s | TD: 5862.6 s | BR: -0.11 | ALOSS: -4.06 | CLOSS: 0.10 | TLOSS: 0.05 | TVAL: 0.03 | AENT: -0.27 | BCLOSS: 0.00
| train          | E: 161 | S: 15390 | R: 1.11 | TR: -5.41 | TF: 384 | LR: 384 | NR: 0 | D: 34.6 s | TD: 5897.2 s | BR: -0.11 | ALOSS: -4.03 | CLOSS: 0.10 | TLOSS: 0.05 | TVAL: 0.03 | AENT: -0.28 | BCLOSS: 0.00
| train          | E: 162 | S: 15526 | R: -22.89 | TR: -131.47 | TF: 384 | LR: 384 | NR: 0 | D: 44.8 s | TD: 5942.0 s | BR: -0.11 | ALOSS: -4.02 | CLOSS: 0.11 | TLOSS: 0.05 | TVAL: 0.03 | AENT: -0.29 | BCLOSS: 0.00
| train          | E: 163 | S: 15625 | R: -14.03 | TR: -140.75 | TF: 384 | LR: 384 | NR: 0 | D: 32.1 s | TD: 5974.1 s | BR: -0.11 | ALOSS: -4.00 | CLOSS: 0.11 | TLOSS: 0.05 | TVAL: 0.03 | AENT: -0.31 | BCLOSS: 0.00
| train          | E: 164 | S: 15748 | R: -19.13 | TR: -110.81 | TF: 384 | LR: 384 | NR: 0 | D: 40.7 s | TD: 6014.8 s | BR: -0.11 | ALOSS: -3.97 | CLOSS: 0.12 | TLOSS: 0.05 | TVAL: 0.03 | AENT: -0.33 | BCLOSS: 0.00
| train          | E: 165 | S: 15894 | R: -11.94 | TR: -38.56 | TF: 384 | LR: 384 | NR: 0 | D: 47.8 s | TD: 6062.6 s | BR: -0.11 | ALOSS: -3.94 | CLOSS: 0.11 | TLOSS: 0.05 | TVAL: 0.03 | AENT: -0.33 | BCLOSS: 0.00
| train          | E: 166 | S: 16022 | R: -6.59 | TR: -71.06 | TF: 384 | LR: 384 | NR: 0 | D: 42.2 s | TD: 6104.8 s | BR: -0.11 | ALOSS: -3.94 | CLOSS: 0.12 | TLOSS: 0.04 | TVAL: 0.03 | AENT: -0.33 | BCLOSS: 0.00
| train          | E: 167 | S: 16142 | R: -8.72 | TR: -70.70 | TF: 384 | LR: 384 | NR: 0 | D: 39.7 s | TD: 6144.5 s | BR: -0.11 | ALOSS: -3.92 | CLOSS: 0.12 | TLOSS: 0.04 | TVAL: 0.03 | AENT: -0.35 | BCLOSS: 0.00
| train          | E: 168 | S: 16255 | R: -14.83 | TR: -123.42 | TF: 384 | LR: 384 | NR: 0 | D: 37.3 s | TD: 6181.8 s | BR: -0.11 | ALOSS: -3.90 | CLOSS: 0.12 | TLOSS: 0.04 | TVAL: 0.03 | AENT: -0.36 | BCLOSS: 0.00
| train          | E: 169 | S: 16366 | R: -8.24 | TR: -159.95 | TF: 384 | LR: 384 | NR: 0 | D: 36.4 s | TD: 6218.2 s | BR: -0.11 | ALOSS: -3.87 | CLOSS: 0.13 | TLOSS: 0.04 | TVAL: 0.03 | AENT: -0.37 | BCLOSS: 0.00
| train          | E: 170 | S: 16549 | R: -12.63 | TR: -131.49 | TF: 384 | LR: 384 | NR: 0 | D: 61.5 s | TD: 6279.7 s | BR: -0.11 | ALOSS: -3.85 | CLOSS: 0.14 | TLOSS: 0.04 | TVAL: 0.03 | AENT: -0.39 | BCLOSS: 0.00
| train          | E: 171 | S: 16920 | R: 5.92 | TR: -70.46 | TF: 384 | LR: 384 | NR: 0 | D: 121.0 s | TD: 6400.7 s | BR: -0.11 | ALOSS: -3.84 | CLOSS: 0.15 | TLOSS: 0.04 | TVAL: 0.03 | AENT: -0.41 | BCLOSS: 0.00
Reward function is updated!! ACC: 0.9713541666666666
| train          | E: 172 | S: 17025 | R: 125.63 | TR: -241.04 | TF: 384 | LR: 384 | NR: 0 | D: 338.9 s | TD: 6739.5 s | BR: -0.09 | ALOSS: -3.85 | CLOSS: 0.18 | TLOSS: 0.04 | TVAL: 0.02 | AENT: -0.41 | BCLOSS: 0.00
| train          | E: 173 | S: 17184 | R: -8.61 | TR: -99.13 | TF: 512 | LR: 512 | NR: 0 | D: 52.5 s | TD: 6792.0 s | BR: -0.06 | ALOSS: -3.87 | CLOSS: 0.16 | TLOSS: 0.04 | TVAL: 0.02 | AENT: -0.36 | BCLOSS: 0.00
| train          | E: 174 | S: 17309 | R: 11.21 | TR: -171.28 | TF: 512 | LR: 512 | NR: 0 | D: 41.4 s | TD: 6833.4 s | BR: -0.06 | ALOSS: -3.87 | CLOSS: 0.15 | TLOSS: 0.04 | TVAL: 0.02 | AENT: -0.50 | BCLOSS: 0.00
| train          | E: 175 | S: 17423 | R: 0.39 | TR: -286.38 | TF: 512 | LR: 512 | NR: 0 | D: 37.1 s | TD: 6870.5 s | BR: -0.06 | ALOSS: -3.87 | CLOSS: 0.15 | TLOSS: 0.04 | TVAL: 0.02 | AENT: -0.53 | BCLOSS: 0.00
| train          | E: 176 | S: 17519 | R: 3.22 | TR: -248.21 | TF: 512 | LR: 512 | NR: 0 | D: 31.9 s | TD: 6902.4 s | BR: -0.06 | ALOSS: -3.84 | CLOSS: 0.13 | TLOSS: 0.03 | TVAL: 0.02 | AENT: -0.57 | BCLOSS: 0.00
| train          | E: 177 | S: 17647 | R: 4.53 | TR: -249.56 | TF: 512 | LR: 512 | NR: 0 | D: 41.8 s | TD: 6944.2 s | BR: -0.06 | ALOSS: -3.85 | CLOSS: 0.14 | TLOSS: 0.03 | TVAL: 0.02 | AENT: -0.57 | BCLOSS: 0.00
| train          | E: 178 | S: 17747 | R: -1.23 | TR: -297.41 | TF: 512 | LR: 512 | NR: 0 | D: 33.0 s | TD: 6977.2 s | BR: -0.06 | ALOSS: -3.86 | CLOSS: 0.13 | TLOSS: 0.03 | TVAL: 0.02 | AENT: -0.57 | BCLOSS: 0.00
| train          | E: 179 | S: 17842 | R: -0.63 | TR: -175.70 | TF: 512 | LR: 512 | NR: 0 | D: 30.9 s | TD: 7008.1 s | BR: -0.06 | ALOSS: -3.84 | CLOSS: 0.13 | TLOSS: 0.03 | TVAL: 0.02 | AENT: -0.60 | BCLOSS: 0.00
| train          | E: 180 | S: 18023 | R: -4.68 | TR: -254.30 | TF: 512 | LR: 512 | NR: 0 | D: 59.4 s | TD: 7067.5 s | BR: -0.06 | ALOSS: -3.84 | CLOSS: 0.13 | TLOSS: 0.03 | TVAL: 0.02 | AENT: -0.61 | BCLOSS: 0.00
| train          | E: 181 | S: 18211 | R: 13.94 | TR: -168.65 | TF: 512 | LR: 512 | NR: 0 | D: 60.9 s | TD: 7128.4 s | BR: -0.05 | ALOSS: -3.84 | CLOSS: 0.13 | TLOSS: 0.03 | TVAL: 0.02 | AENT: -0.64 | BCLOSS: 0.00
| train          | E: 182 | S: 18493 | R: 10.51 | TR: -119.19 | TF: 512 | LR: 512 | NR: 0 | D: 92.6 s | TD: 7220.9 s | BR: -0.05 | ALOSS: -3.85 | CLOSS: 0.13 | TLOSS: 0.03 | TVAL: 0.02 | AENT: -0.68 | BCLOSS: 0.00
| train          | E: 183 | S: 18720 | R: 3.46 | TR: -168.25 | TF: 512 | LR: 512 | NR: 0 | D: 74.3 s | TD: 7295.2 s | BR: -0.05 | ALOSS: -3.86 | CLOSS: 0.12 | TLOSS: 0.03 | TVAL: 0.02 | AENT: -0.68 | BCLOSS: 0.00
| train          | E: 184 | S: 18875 | R: 12.23 | TR: -179.76 | TF: 512 | LR: 512 | NR: 0 | D: 50.6 s | TD: 7345.9 s | BR: -0.05 | ALOSS: -3.86 | CLOSS: 0.13 | TLOSS: 0.03 | TVAL: 0.02 | AENT: -0.72 | BCLOSS: 0.00
| train          | E: 185 | S: 18981 | R: 3.73 | TR: -212.16 | TF: 512 | LR: 512 | NR: 0 | D: 35.1 s | TD: 7381.0 s | BR: -0.05 | ALOSS: -3.86 | CLOSS: 0.13 | TLOSS: 0.03 | TVAL: 0.02 | AENT: -0.71 | BCLOSS: 0.00
| train          | E: 186 | S: 19071 | R: 1.70 | TR: -221.97 | TF: 512 | LR: 512 | NR: 0 | D: 29.8 s | TD: 7410.7 s | BR: -0.05 | ALOSS: -3.87 | CLOSS: 0.14 | TLOSS: 0.03 | TVAL: 0.02 | AENT: -0.73 | BCLOSS: 0.00
| train          | E: 187 | S: 19182 | R: 4.89 | TR: -219.69 | TF: 512 | LR: 512 | NR: 0 | D: 36.5 s | TD: 7447.2 s | BR: -0.05 | ALOSS: -3.86 | CLOSS: 0.13 | TLOSS: 0.03 | TVAL: 0.02 | AENT: -0.74 | BCLOSS: 0.00
| train          | E: 188 | S: 19268 | R: 0.22 | TR: -272.79 | TF: 512 | LR: 512 | NR: 0 | D: 24.9 s | TD: 7472.0 s | BR: -0.05 | ALOSS: -3.85 | CLOSS: 0.13 | TLOSS: 0.03 | TVAL: 0.02 | AENT: -0.75 | BCLOSS: 0.00
| train          | E: 189 | S: 19383 | R: 7.02 | TR: -216.81 | TF: 512 | LR: 512 | NR: 0 | D: 32.5 s | TD: 7504.5 s | BR: -0.05 | ALOSS: -3.84 | CLOSS: 0.14 | TLOSS: 0.02 | TVAL: 0.02 | AENT: -0.78 | BCLOSS: 0.00
| train          | E: 190 | S: 19499 | R: 2.07 | TR: -262.58 | TF: 512 | LR: 512 | NR: 0 | D: 33.2 s | TD: 7537.7 s | BR: -0.05 | ALOSS: -3.83 | CLOSS: 0.13 | TLOSS: 0.02 | TVAL: 0.02 | AENT: -0.77 | BCLOSS: 0.00
| train          | E: 191 | S: 19590 | R: 6.07 | TR: -225.91 | TF: 512 | LR: 512 | NR: 0 | D: 28.6 s | TD: 7566.2 s | BR: -0.05 | ALOSS: -3.82 | CLOSS: 0.14 | TLOSS: 0.02 | TVAL: 0.02 | AENT: -0.79 | BCLOSS: 0.00
| train          | E: 192 | S: 19701 | R: -1.50 | TR: -187.79 | TF: 512 | LR: 512 | NR: 0 | D: 36.8 s | TD: 7603.1 s | BR: -0.05 | ALOSS: -3.82 | CLOSS: 0.13 | TLOSS: 0.02 | TVAL: 0.02 | AENT: -0.80 | BCLOSS: 0.00
| train          | E: 193 | S: 20005 | R: 6.02 | TR: -139.29 | TF: 512 | LR: 512 | NR: 0 | D: 100.3 s | TD: 7703.4 s | BR: -0.05 | ALOSS: -3.83 | CLOSS: 0.13 | TLOSS: 0.02 | TVAL: 0.02 | AENT: -0.83 | BCLOSS: 0.00
| train          | E: 194 | S: 20190 | R: 17.30 | TR: -213.40 | TF: 512 | LR: 512 | NR: 0 | D: 60.9 s | TD: 7764.2 s | BR: -0.05 | ALOSS: -3.85 | CLOSS: 0.14 | TLOSS: 0.02 | TVAL: 0.02 | AENT: -0.86 | BCLOSS: 0.00
| train          | E: 195 | S: 20373 | R: 8.20 | TR: -197.97 | TF: 512 | LR: 512 | NR: 0 | D: 60.0 s | TD: 7824.2 s | BR: -0.04 | ALOSS: -3.87 | CLOSS: 0.14 | TLOSS: 0.02 | TVAL: 0.02 | AENT: -0.88 | BCLOSS: 0.00
| train          | E: 196 | S: 20475 | R: 12.39 | TR: -185.60 | TF: 512 | LR: 512 | NR: 0 | D: 33.6 s | TD: 7857.8 s | BR: -0.04 | ALOSS: -3.87 | CLOSS: 0.13 | TLOSS: 0.02 | TVAL: 0.02 | AENT: -0.92 | BCLOSS: 0.00
| train          | E: 197 | S: 20697 | R: 6.60 | TR: -253.00 | TF: 512 | LR: 512 | NR: 0 | D: 72.5 s | TD: 7930.3 s | BR: -0.04 | ALOSS: -3.85 | CLOSS: 0.14 | TLOSS: 0.02 | TVAL: 0.02 | AENT: -0.94 | BCLOSS: 0.00
| train          | E: 198 | S: 20915 | R: -0.10 | TR: -127.09 | TF: 512 | LR: 512 | NR: 0 | D: 71.2 s | TD: 8001.5 s | BR: -0.04 | ALOSS: -3.85 | CLOSS: 0.14 | TLOSS: 0.02 | TVAL: 0.02 | AENT: -0.96 | BCLOSS: 0.00
| train          | E: 199 | S: 21074 | R: -2.68 | TR: -208.42 | TF: 512 | LR: 512 | NR: 0 | D: 52.1 s | TD: 8053.7 s | BR: -0.04 | ALOSS: -3.85 | CLOSS: 0.14 | TLOSS: 0.02 | TVAL: 0.02 | AENT: -0.96 | BCLOSS: 0.00
| train          | E: 200 | S: 21180 | R: 10.21 | TR: -209.02 | TF: 512 | LR: 512 | NR: 0 | D: 35.3 s | TD: 8089.0 s | BR: -0.04 | ALOSS: -3.88 | CLOSS: 0.14 | TLOSS: 0.02 | TVAL: 0.02 | AENT: -0.99 | BCLOSS: 0.00
| train          | E: 201 | S: 21301 | R: 3.74 | TR: -214.69 | TF: 512 | LR: 512 | NR: 0 | D: 40.0 s | TD: 8129.0 s | BR: -0.04 | ALOSS: -3.86 | CLOSS: 0.14 | TLOSS: 0.02 | TVAL: 0.02 | AENT: -0.99 | BCLOSS: 0.00
| train          | E: 202 | S: 21416 | R: 6.76 | TR: -163.25 | TF: 512 | LR: 512 | NR: 0 | D: 37.5 s | TD: 8166.5 s | BR: -0.04 | ALOSS: -3.87 | CLOSS: 0.13 | TLOSS: 0.02 | TVAL: 0.02 | AENT: -0.99 | BCLOSS: 0.00
| train          | E: 203 | S: 21606 | R: 3.65 | TR: -157.04 | TF: 512 | LR: 512 | NR: 0 | D: 62.2 s | TD: 8228.7 s | BR: -0.04 | ALOSS: -3.87 | CLOSS: 0.14 | TLOSS: 0.02 | TVAL: 0.02 | AENT: -1.02 | BCLOSS: 0.00
| train          | E: 204 | S: 21689 | R: 7.82 | TR: -211.34 | TF: 512 | LR: 512 | NR: 0 | D: 27.3 s | TD: 8256.0 s | BR: -0.04 | ALOSS: -3.90 | CLOSS: 0.13 | TLOSS: 0.02 | TVAL: 0.02 | AENT: -1.08 | BCLOSS: 0.00
| train          | E: 205 | S: 21793 | R: 8.10 | TR: -207.75 | TF: 512 | LR: 512 | NR: 0 | D: 34.0 s | TD: 8290.1 s | BR: -0.04 | ALOSS: -3.88 | CLOSS: 0.13 | TLOSS: 0.02 | TVAL: 0.02 | AENT: -1.04 | BCLOSS: 0.00
Reward function is updated!! ACC: 0.9718749999999999
| train          | E: 206 | S: 22070 | R: 3.78 | TR: -151.70 | TF: 512 | LR: 512 | NR: 0 | D: 344.2 s | TD: 8634.3 s | BR: -0.01 | ALOSS: -3.92 | CLOSS: 0.14 | TLOSS: 0.01 | TVAL: 0.02 | AENT: -1.10 | BCLOSS: 0.00
| train          | E: 207 | S: 22284 | R: 16.02 | TR: -243.70 | TF: 640 | LR: 640 | NR: 0 | D: 70.9 s | TD: 8705.1 s | BR: 0.07 | ALOSS: -4.12 | CLOSS: 0.14 | TLOSS: 0.01 | TVAL: 0.02 | AENT: -1.26 | BCLOSS: 0.00
| train          | E: 208 | S: 22756 | R: 22.83 | TR: -209.39 | TF: 640 | LR: 640 | NR: 0 | D: 155.0 s | TD: 8860.1 s | BR: 0.08 | ALOSS: -4.30 | CLOSS: 0.13 | TLOSS: 0.01 | TVAL: 0.02 | AENT: -1.31 | BCLOSS: 0.00
| train          | E: 209 | S: 23105 | R: -12.91 | TR: -99.91 | TF: 640 | LR: 640 | NR: 0 | D: 115.0 s | TD: 8975.2 s | BR: 0.07 | ALOSS: -4.48 | CLOSS: 0.13 | TLOSS: 0.01 | TVAL: 0.02 | AENT: -1.34 | BCLOSS: 0.00
| train          | E: 210 | S: 23418 | R: 25.36 | TR: -185.62 | TF: 640 | LR: 640 | NR: 0 | D: 102.9 s | TD: 9078.1 s | BR: 0.07 | ALOSS: -4.62 | CLOSS: 0.13 | TLOSS: 0.01 | TVAL: 0.02 | AENT: -1.36 | BCLOSS: 0.00
| train          | E: 211 | S: 23679 | R: 9.23 | TR: -7.28 | TF: 640 | LR: 640 | NR: 0 | D: 85.8 s | TD: 9163.9 s | BR: 0.07 | ALOSS: -4.76 | CLOSS: 0.13 | TLOSS: 0.01 | TVAL: 0.01 | AENT: -1.36 | BCLOSS: 0.00
| train          | E: 212 | S: 23883 | R: 22.95 | TR: -124.15 | TF: 640 | LR: 640 | NR: 0 | D: 60.4 s | TD: 9224.4 s | BR: 0.07 | ALOSS: -4.83 | CLOSS: 0.14 | TLOSS: 0.01 | TVAL: 0.01 | AENT: -1.36 | BCLOSS: 0.00
| train          | E: 213 | S: 24320 | R: 21.49 | TR: -271.93 | TF: 640 | LR: 640 | NR: 0 | D: 126.1 s | TD: 9350.5 s | BR: 0.07 | ALOSS: -4.96 | CLOSS: 0.14 | TLOSS: 0.01 | TVAL: 0.01 | AENT: -1.38 | BCLOSS: 0.00
| train          | E: 214 | S: 24894 | R: 29.69 | TR: 161.60 | TF: 640 | LR: 640 | NR: 0 | D: 188.7 s | TD: 9539.2 s | BR: 0.07 | ALOSS: -5.19 | CLOSS: 0.14 | TLOSS: 0.01 | TVAL: 0.01 | AENT: -1.41 | BCLOSS: 0.00
| train          | E: 215 | S: 25027 | R: 76.81 | TR: 242.23 | TF: 640 | LR: 640 | NR: 0 | D: 44.3 s | TD: 9583.4 s | BR: 0.07 | ALOSS: -5.36 | CLOSS: 0.16 | TLOSS: 0.01 | TVAL: 0.01 | AENT: -1.44 | BCLOSS: 0.00
| train          | E: 216 | S: 25217 | R: 27.77 | TR: -86.35 | TF: 640 | LR: 640 | NR: 0 | D: 62.1 s | TD: 9645.5 s | BR: 0.08 | ALOSS: -5.41 | CLOSS: 0.17 | TLOSS: 0.01 | TVAL: 0.01 | AENT: -1.49 | BCLOSS: 0.00
| train          | E: 217 | S: 25401 | R: 24.03 | TR: -152.55 | TF: 640 | LR: 640 | NR: 0 | D: 60.2 s | TD: 9705.7 s | BR: 0.08 | ALOSS: -5.48 | CLOSS: 0.16 | TLOSS: 0.01 | TVAL: 0.01 | AENT: -1.51 | BCLOSS: 0.00
| train          | E: 218 | S: 25515 | R: 14.50 | TR: -55.09 | TF: 640 | LR: 640 | NR: 0 | D: 37.5 s | TD: 9743.2 s | BR: 0.08 | ALOSS: -5.53 | CLOSS: 0.15 | TLOSS: 0.01 | TVAL: 0.01 | AENT: -1.53 | BCLOSS: 0.00
| train          | E: 219 | S: 25939 | R: 25.76 | TR: -100.70 | TF: 640 | LR: 640 | NR: 0 | D: 138.1 s | TD: 9881.3 s | BR: 0.08 | ALOSS: -5.62 | CLOSS: 0.18 | TLOSS: 0.01 | TVAL: 0.01 | AENT: -1.53 | BCLOSS: 0.00
| train          | E: 220 | S: 26119 | R: 59.05 | TR: -229.89 | TF: 640 | LR: 640 | NR: 0 | D: 59.0 s | TD: 9940.3 s | BR: 0.08 | ALOSS: -5.73 | CLOSS: 0.16 | TLOSS: 0.01 | TVAL: 0.01 | AENT: -1.58 | BCLOSS: 0.00
| train          | E: 221 | S: 26234 | R: 17.44 | TR: -103.03 | TF: 640 | LR: 640 | NR: 0 | D: 37.6 s | TD: 9977.9 s | BR: 0.08 | ALOSS: -5.78 | CLOSS: 0.16 | TLOSS: 0.01 | TVAL: 0.01 | AENT: -1.58 | BCLOSS: 0.00
| train          | E: 222 | S: 26598 | R: 20.58 | TR: -173.40 | TF: 640 | LR: 640 | NR: 0 | D: 119.1 s | TD: 10097.0 s | BR: 0.08 | ALOSS: -5.86 | CLOSS: 0.16 | TLOSS: 0.00 | TVAL: 0.01 | AENT: -1.65 | BCLOSS: 0.00
| train          | E: 223 | S: 26738 | R: 61.83 | TR: 203.07 | TF: 640 | LR: 640 | NR: 0 | D: 46.3 s | TD: 10143.3 s | BR: 0.08 | ALOSS: -5.94 | CLOSS: 0.18 | TLOSS: 0.00 | TVAL: 0.01 | AENT: -1.69 | BCLOSS: 0.00
| train          | E: 224 | S: 26889 | R: 18.31 | TR: -42.28 | TF: 640 | LR: 640 | NR: 0 | D: 49.7 s | TD: 10192.9 s | BR: 0.08 | ALOSS: -5.99 | CLOSS: 0.15 | TLOSS: 0.00 | TVAL: 0.01 | AENT: -1.69 | BCLOSS: 0.00
Reward function is updated!! ACC: 0.9748263888888888
| train          | E: 225 | S: 27188 | R: 22.42 | TR: -103.62 | TF: 640 | LR: 640 | NR: 0 | D: 456.6 s | TD: 10649.5 s | BR: 0.05 | ALOSS: -6.02 | CLOSS: 0.17 | TLOSS: 0.00 | TVAL: 0.01 | AENT: -1.91 | BCLOSS: 0.00
| train          | E: 226 | S: 27452 | R: 18.66 | TR: 204.26 | TF: 768 | LR: 768 | NR: 0 | D: 86.6 s | TD: 10736.1 s | BR: 0.04 | ALOSS: -6.10 | CLOSS: 0.17 | TLOSS: -0.00 | TVAL: 0.01 | AENT: -2.15 | BCLOSS: 0.00
| train          | E: 227 | S: 27619 | R: 47.03 | TR: -260.79 | TF: 768 | LR: 768 | NR: 0 | D: 54.8 s | TD: 10790.9 s | BR: 0.04 | ALOSS: -6.14 | CLOSS: 0.18 | TLOSS: -0.00 | TVAL: 0.01 | AENT: -2.18 | BCLOSS: 0.00
| train          | E: 228 | S: 27796 | R: 25.66 | TR: -138.30 | TF: 768 | LR: 768 | NR: 0 | D: 57.8 s | TD: 10848.7 s | BR: 0.04 | ALOSS: -6.20 | CLOSS: 0.16 | TLOSS: -0.00 | TVAL: 0.01 | AENT: -2.21 | BCLOSS: 0.00
| train          | E: 229 | S: 28129 | R: 26.18 | TR: -232.92 | TF: 768 | LR: 768 | NR: 0 | D: 108.9 s | TD: 10957.6 s | BR: 0.04 | ALOSS: -6.27 | CLOSS: 0.18 | TLOSS: -0.00 | TVAL: 0.01 | AENT: -2.20 | BCLOSS: 0.00
| train          | E: 230 | S: 28414 | R: 43.40 | TR: -120.02 | TF: 768 | LR: 768 | NR: 0 | D: 84.0 s | TD: 11041.6 s | BR: 0.04 | ALOSS: -6.36 | CLOSS: 0.18 | TLOSS: -0.00 | TVAL: 0.01 | AENT: -2.21 | BCLOSS: 0.00
| train          | E: 231 | S: 28600 | R: 63.27 | TR: -389.81 | TF: 768 | LR: 768 | NR: 0 | D: 53.3 s | TD: 11095.0 s | BR: 0.04 | ALOSS: -6.41 | CLOSS: 0.17 | TLOSS: -0.00 | TVAL: 0.01 | AENT: -2.19 | BCLOSS: 0.00
| train          | E: 232 | S: 28718 | R: 34.24 | TR: -242.59 | TF: 768 | LR: 768 | NR: 0 | D: 33.8 s | TD: 11128.7 s | BR: 0.04 | ALOSS: -6.43 | CLOSS: 0.19 | TLOSS: -0.00 | TVAL: 0.01 | AENT: -2.18 | BCLOSS: 0.00
| train          | E: 233 | S: 28816 | R: 21.59 | TR: -158.76 | TF: 768 | LR: 768 | NR: 0 | D: 28.6 s | TD: 11157.3 s | BR: 0.04 | ALOSS: -6.48 | CLOSS: 0.17 | TLOSS: -0.00 | TVAL: 0.01 | AENT: -2.18 | BCLOSS: 0.00
| train          | E: 234 | S: 28949 | R: 17.56 | TR: -174.75 | TF: 768 | LR: 768 | NR: 0 | D: 44.4 s | TD: 11201.7 s | BR: 0.04 | ALOSS: -6.49 | CLOSS: 0.18 | TLOSS: -0.00 | TVAL: 0.01 | AENT: -2.12 | BCLOSS: 0.00
| train          | E: 235 | S: 29114 | R: 24.10 | TR: -206.75 | TF: 768 | LR: 768 | NR: 0 | D: 54.7 s | TD: 11256.3 s | BR: 0.04 | ALOSS: -6.54 | CLOSS: 0.17 | TLOSS: -0.00 | TVAL: 0.01 | AENT: -2.13 | BCLOSS: 0.00
| train          | E: 236 | S: 29220 | R: 24.75 | TR: -137.86 | TF: 768 | LR: 768 | NR: 0 | D: 34.8 s | TD: 11291.1 s | BR: 0.04 | ALOSS: -6.57 | CLOSS: 0.17 | TLOSS: -0.00 | TVAL: 0.01 | AENT: -2.09 | BCLOSS: 0.00
| train          | E: 237 | S: 29480 | R: 19.99 | TR: -188.30 | TF: 768 | LR: 768 | NR: 0 | D: 85.6 s | TD: 11376.8 s | BR: 0.05 | ALOSS: -6.60 | CLOSS: 0.17 | TLOSS: -0.00 | TVAL: 0.01 | AENT: -2.07 | BCLOSS: 0.00
| train          | E: 238 | S: 29756 | R: 36.06 | TR: -124.59 | TF: 768 | LR: 768 | NR: 0 | D: 91.1 s | TD: 11467.9 s | BR: 0.05 | ALOSS: -6.68 | CLOSS: 0.18 | TLOSS: -0.00 | TVAL: 0.01 | AENT: -2.04 | BCLOSS: 0.00
| train          | E: 239 | S: 29881 | R: 56.35 | TR: -151.63 | TF: 768 | LR: 768 | NR: 0 | D: 40.9 s | TD: 11508.8 s | BR: 0.05 | ALOSS: -6.71 | CLOSS: 0.20 | TLOSS: -0.00 | TVAL: 0.01 | AENT: -2.02 | BCLOSS: 0.00
| train          | E: 240 | S: 30207 | R: 24.15 | TR: -178.54 | TF: 768 | LR: 768 | NR: 0 | D: 107.7 s | TD: 11616.4 s | BR: 0.05 | ALOSS: -6.76 | CLOSS: 0.18 | TLOSS: 0.00 | TVAL: 0.01 | AENT: -1.99 | BCLOSS: 0.00
| train          | E: 241 | S: 30337 | R: 48.05 | TR: -322.04 | TF: 768 | LR: 768 | NR: 0 | D: 42.5 s | TD: 11659.0 s | BR: 0.05 | ALOSS: -6.83 | CLOSS: 0.18 | TLOSS: -0.00 | TVAL: 0.01 | AENT: -2.00 | BCLOSS: 0.00
| train          | E: 242 | S: 30528 | R: 22.33 | TR: -98.95 | TF: 768 | LR: 768 | NR: 0 | D: 63.0 s | TD: 11721.9 s | BR: 0.05 | ALOSS: -6.85 | CLOSS: 0.20 | TLOSS: 0.00 | TVAL: 0.01 | AENT: -1.99 | BCLOSS: 0.00
| train          | E: 243 | S: 30769 | R: 36.90 | TR: -255.39 | TF: 768 | LR: 768 | NR: 0 | D: 79.7 s | TD: 11801.7 s | BR: 0.05 | ALOSS: -6.88 | CLOSS: 0.18 | TLOSS: 0.00 | TVAL: 0.01 | AENT: -1.97 | BCLOSS: 0.00
| train          | E: 244 | S: 30868 | R: 48.19 | TR: -252.65 | TF: 768 | LR: 768 | NR: 0 | D: 32.2 s | TD: 11833.9 s | BR: 0.05 | ALOSS: -6.91 | CLOSS: 0.17 | TLOSS: 0.00 | TVAL: 0.01 | AENT: -1.96 | BCLOSS: 0.00
| train          | E: 245 | S: 30991 | R: 20.83 | TR: -171.38 | TF: 768 | LR: 768 | NR: 0 | D: 40.7 s | TD: 11874.6 s | BR: 0.05 | ALOSS: -6.94 | CLOSS: 0.18 | TLOSS: 0.00 | TVAL: 0.01 | AENT: -2.00 | BCLOSS: 0.00
| train          | E: 246 | S: 31163 | R: 23.48 | TR: -186.44 | TF: 768 | LR: 768 | NR: 0 | D: 56.7 s | TD: 11931.3 s | BR: 0.05 | ALOSS: -6.96 | CLOSS: 0.17 | TLOSS: 0.00 | TVAL: 0.01 | AENT: -1.99 | BCLOSS: 0.00
| train          | E: 247 | S: 31353 | R: 32.13 | TR: -228.59 | TF: 768 | LR: 768 | NR: 0 | D: 62.1 s | TD: 11993.4 s | BR: 0.05 | ALOSS: -7.01 | CLOSS: 0.16 | TLOSS: -0.00 | TVAL: 0.01 | AENT: -2.01 | BCLOSS: 0.00
| train          | E: 248 | S: 31528 | R: 39.10 | TR: -165.73 | TF: 768 | LR: 768 | NR: 0 | D: 57.6 s | TD: 12051.0 s | BR: 0.05 | ALOSS: -7.03 | CLOSS: 0.18 | TLOSS: 0.00 | TVAL: 0.01 | AENT: -1.99 | BCLOSS: 0.00
| train          | E: 249 | S: 31620 | R: 33.67 | TR: -214.89 | TF: 768 | LR: 768 | NR: 0 | D: 30.2 s | TD: 12081.2 s | BR: 0.06 | ALOSS: -7.06 | CLOSS: 0.16 | TLOSS: -0.00 | TVAL: 0.01 | AENT: -2.00 | BCLOSS: 0.00
| train          | E: 250 | S: 31886 | R: 19.43 | TR: -166.71 | TF: 768 | LR: 768 | NR: 0 | D: 87.7 s | TD: 12168.9 s | BR: 0.06 | ALOSS: -7.10 | CLOSS: 0.18 | TLOSS: -0.00 | TVAL: 0.01 | AENT: -2.00 | BCLOSS: 0.00
Reward function is updated!! ACC: 0.9713541666666666
| train          | E: 251 | S: 32013 | R: 45.78 | TR: -313.83 | TF: 768 | LR: 768 | NR: 0 | D: 451.0 s | TD: 12619.9 s | BR: 0.06 | ALOSS: -7.15 | CLOSS: 0.18 | TLOSS: 0.00 | TVAL: 0.01 | AENT: -1.98 | BCLOSS: 0.00
| train          | E: 252 | S: 32308 | R: 33.98 | TR: -69.19 | TF: 896 | LR: 896 | NR: 0 | D: 97.9 s | TD: 12717.8 s | BR: 0.09 | ALOSS: -7.22 | CLOSS: 0.18 | TLOSS: 0.00 | TVAL: 0.01 | AENT: -1.85 | BCLOSS: 0.00
| train          | E: 253 | S: 32405 | R: 64.91 | TR: -197.21 | TF: 896 | LR: 896 | NR: 0 | D: 31.9 s | TD: 12749.7 s | BR: 0.09 | ALOSS: -7.28 | CLOSS: 0.17 | TLOSS: 0.00 | TVAL: 0.01 | AENT: -1.84 | BCLOSS: 0.00
| train          | E: 254 | S: 32842 | R: 20.99 | TR: -97.05 | TF: 896 | LR: 896 | NR: 0 | D: 129.0 s | TD: 12878.8 s | BR: 0.09 | ALOSS: -7.36 | CLOSS: 0.17 | TLOSS: 0.00 | TVAL: 0.01 | AENT: -1.87 | BCLOSS: 0.00
| train          | E: 255 | S: 33021 | R: 74.28 | TR: -141.91 | TF: 896 | LR: 896 | NR: 0 | D: 51.8 s | TD: 12930.6 s | BR: 0.09 | ALOSS: -7.45 | CLOSS: 0.19 | TLOSS: 0.00 | TVAL: 0.01 | AENT: -1.88 | BCLOSS: 0.00
| train          | E: 256 | S: 33169 | R: 37.13 | TR: -156.09 | TF: 896 | LR: 896 | NR: 0 | D: 47.6 s | TD: 12978.1 s | BR: 0.09 | ALOSS: -7.49 | CLOSS: 0.18 | TLOSS: 0.00 | TVAL: 0.01 | AENT: -1.90 | BCLOSS: 0.00
| train          | E: 257 | S: 33252 | R: 32.31 | TR: -180.78 | TF: 896 | LR: 896 | NR: 0 | D: 27.6 s | TD: 13005.7 s | BR: 0.09 | ALOSS: -7.51 | CLOSS: 0.17 | TLOSS: 0.00 | TVAL: 0.01 | AENT: -1.93 | BCLOSS: 0.00
| train          | E: 258 | S: 33390 | R: 17.37 | TR: -145.66 | TF: 896 | LR: 896 | NR: 0 | D: 45.2 s | TD: 13050.9 s | BR: 0.10 | ALOSS: -7.55 | CLOSS: 0.18 | TLOSS: 0.00 | TVAL: 0.01 | AENT: -1.92 | BCLOSS: 0.00
| train          | E: 259 | S: 33699 | R: 31.41 | TR: -176.40 | TF: 896 | LR: 896 | NR: 0 | D: 101.3 s | TD: 13152.3 s | BR: 0.10 | ALOSS: -7.61 | CLOSS: 0.18 | TLOSS: 0.00 | TVAL: 0.01 | AENT: -1.94 | BCLOSS: 0.00
| train          | E: 260 | S: 33833 | R: 62.52 | TR: -225.99 | TF: 896 | LR: 896 | NR: 0 | D: 44.2 s | TD: 13196.4 s | BR: 0.10 | ALOSS: -7.70 | CLOSS: 0.18 | TLOSS: 0.00 | TVAL: 0.01 | AENT: -1.96 | BCLOSS: 0.00
| train          | E: 261 | S: 33935 | R: 32.67 | TR: -77.45 | TF: 896 | LR: 896 | NR: 0 | D: 33.6 s | TD: 13230.0 s | BR: 0.10 | ALOSS: -7.71 | CLOSS: 0.18 | TLOSS: 0.00 | TVAL: 0.01 | AENT: -1.92 | BCLOSS: 0.00
| train          | E: 262 | S: 34167 | R: 21.57 | TR: -163.02 | TF: 896 | LR: 896 | NR: 0 | D: 76.3 s | TD: 13306.3 s | BR: 0.10 | ALOSS: -7.77 | CLOSS: 0.17 | TLOSS: 0.00 | TVAL: 0.01 | AENT: -1.94 | BCLOSS: 0.00
| train          | E: 263 | S: 34307 | R: 45.05 | TR: -171.54 | TF: 896 | LR: 896 | NR: 0 | D: 45.9 s | TD: 13352.3 s | BR: 0.10 | ALOSS: -7.83 | CLOSS: 0.18 | TLOSS: 0.00 | TVAL: 0.01 | AENT: -1.97 | BCLOSS: 0.00
| train          | E: 264 | S: 34500 | R: 35.13 | TR: -64.21 | TF: 896 | LR: 896 | NR: 0 | D: 63.7 s | TD: 13416.0 s | BR: 0.10 | ALOSS: -7.87 | CLOSS: 0.19 | TLOSS: 0.00 | TVAL: 0.01 | AENT: -1.96 | BCLOSS: 0.00
| train          | E: 265 | S: 34731 | R: 43.14 | TR: -253.13 | TF: 896 | LR: 896 | NR: 0 | D: 75.7 s | TD: 13491.7 s | BR: 0.10 | ALOSS: -7.93 | CLOSS: 0.19 | TLOSS: 0.00 | TVAL: 0.01 | AENT: -1.99 | BCLOSS: 0.00
| train          | E: 266 | S: 35033 | R: 46.60 | TR: -138.90 | TF: 896 | LR: 896 | NR: 0 | D: 98.8 s | TD: 13590.5 s | BR: 0.10 | ALOSS: -8.01 | CLOSS: 0.19 | TLOSS: 0.00 | TVAL: 0.01 | AENT: -1.97 | BCLOSS: 0.00
| train          | E: 267 | S: 35232 | R: 62.01 | TR: -119.47 | TF: 896 | LR: 896 | NR: 0 | D: 65.1 s | TD: 13655.6 s | BR: 0.10 | ALOSS: -8.08 | CLOSS: 0.20 | TLOSS: 0.00 | TVAL: 0.01 | AENT: -1.96 | BCLOSS: 0.00
| train          | E: 268 | S: 35367 | R: 40.36 | TR: -114.52 | TF: 896 | LR: 896 | NR: 0 | D: 44.1 s | TD: 13699.7 s | BR: 0.10 | ALOSS: -8.11 | CLOSS: 0.20 | TLOSS: -0.00 | TVAL: 0.01 | AENT: -2.01 | BCLOSS: 0.00
| train          | E: 269 | S: 35694 | R: 31.18 | TR: -147.95 | TF: 896 | LR: 896 | NR: 0 | D: 107.2 s | TD: 13806.9 s | BR: 0.10 | ALOSS: -8.19 | CLOSS: 0.19 | TLOSS: 0.00 | TVAL: 0.01 | AENT: -1.97 | BCLOSS: 0.00
| train          | E: 270 | S: 35856 | R: 66.02 | TR: -241.06 | TF: 896 | LR: 896 | NR: 0 | D: 53.5 s | TD: 13860.4 s | BR: 0.10 | ALOSS: -8.26 | CLOSS: 0.20 | TLOSS: 0.00 | TVAL: 0.01 | AENT: -2.00 | BCLOSS: 0.00
| train          | E: 271 | S: 35960 | R: 38.22 | TR: -154.58 | TF: 896 | LR: 896 | NR: 0 | D: 34.3 s | TD: 13894.6 s | BR: 0.10 | ALOSS: -8.30 | CLOSS: 0.20 | TLOSS: 0.00 | TVAL: 0.01 | AENT: -1.99 | BCLOSS: 0.00
| train          | E: 272 | S: 36191 | R: 23.71 | TR: -143.52 | TF: 896 | LR: 896 | NR: 0 | D: 75.6 s | TD: 13970.2 s | BR: 0.10 | ALOSS: -8.34 | CLOSS: 0.20 | TLOSS: -0.00 | TVAL: 0.01 | AENT: -2.00 | BCLOSS: 0.00
| train          | E: 273 | S: 36330 | R: 44.79 | TR: -280.77 | TF: 896 | LR: 896 | NR: 0 | D: 45.5 s | TD: 14015.7 s | BR: 0.10 | ALOSS: -8.39 | CLOSS: 0.21 | TLOSS: 0.00 | TVAL: 0.01 | AENT: -1.99 | BCLOSS: 0.00
| train          | E: 274 | S: 36648 | R: 32.24 | TR: -48.84 | TF: 896 | LR: 896 | NR: 0 | D: 104.3 s | TD: 14120.0 s | BR: 0.11 | ALOSS: -8.46 | CLOSS: 0.21 | TLOSS: 0.00 | TVAL: 0.01 | AENT: -1.99 | BCLOSS: 0.00
| train          | E: 275 | S: 36816 | R: 66.66 | TR: -373.72 | TF: 896 | LR: 896 | NR: 0 | D: 55.1 s | TD: 14175.1 s | BR: 0.11 | ALOSS: -8.51 | CLOSS: 0.21 | TLOSS: 0.00 | TVAL: 0.01 | AENT: -1.97 | BCLOSS: 0.00
| train          | E: 276 | S: 36922 | R: 38.36 | TR: -225.99 | TF: 896 | LR: 896 | NR: 0 | D: 34.6 s | TD: 14209.7 s | BR: 0.11 | ALOSS: -8.55 | CLOSS: 0.21 | TLOSS: -0.00 | TVAL: 0.01 | AENT: -2.02 | BCLOSS: 0.00
